/projects/ExaCT/Pele/PeleTests/AMReX/Tools/Postprocessing/F_Src//fcompare.Linux.gfortran.test.exe -n 0 /projects/ExaCT/Pele/PeleTests/PeleC-benchmarks/FIAB-2d_plt00030 FIAB-2d_plt00030
  
            variable name            absolute error            relative error
                                        (||A - B||)         (||A - B||/||A||)
 ----------------------------------------------------------------------
 level =  1
 density                            0.000000000               0.000000000    
 xmom                               0.000000000               0.000000000    
 ymom                               0.000000000               0.000000000    
 zmom                               0.000000000               0.000000000    
 rho_E                              0.000000000               0.000000000    
 rho_e                              0.000000000               0.000000000    
 Temp                               0.000000000               0.000000000    
 rho_omega_H2                       0.000000000               0.000000000    
 rho_omega_O2                       0.000000000               0.000000000    
 rho_omega_H2O                      0.000000000               0.000000000    
 rho_omega_H                        0.000000000               0.000000000    
 rho_omega_O                        0.000000000               0.000000000    
 rho_omega_OH                       0.000000000               0.000000000    
 rho_omega_HO2                      0.000000000               0.000000000    
 rho_omega_H2O2                     0.000000000               0.000000000    
 rho_omega_N2                       0.000000000               0.000000000    
 rhoe_dot                           0.000000000               0.000000000    
 pressure                           0.000000000               0.000000000    
 Y(H2)                              0.000000000               0.000000000    
 Y(O2)                              0.000000000               0.000000000    
 Y(H2O)                             0.000000000               0.000000000    
 Y(H)                               0.000000000               0.000000000    
 Y(O)                               0.000000000               0.000000000    
 Y(OH)                              0.000000000               0.000000000    
 Y(HO2)                             0.000000000               0.000000000    
 Y(H2O2)                            0.000000000               0.000000000    
 Y(N2)                              0.000000000               0.000000000    
 x_velocity                         0.000000000               0.000000000    
 y_velocity                         0.000000000               0.000000000    
 level =  2
 density                            0.000000000               0.000000000    
 xmom                               0.000000000               0.000000000    
 ymom                               0.000000000               0.000000000    
 zmom                               0.000000000               0.000000000    
 rho_E                              0.000000000               0.000000000    
 rho_e                              0.000000000               0.000000000    
 Temp                               0.000000000               0.000000000    
 rho_omega_H2                       0.000000000               0.000000000    
 rho_omega_O2                       0.000000000               0.000000000    
 rho_omega_H2O                      0.000000000               0.000000000    
 rho_omega_H                        0.000000000               0.000000000    
 rho_omega_O                        0.000000000               0.000000000    
 rho_omega_OH                       0.000000000               0.000000000    
 rho_omega_HO2                      0.000000000               0.000000000    
 rho_omega_H2O2                     0.000000000               0.000000000    
 rho_omega_N2                       0.000000000               0.000000000    
 rhoe_dot                           0.000000000               0.000000000    
 pressure                           0.000000000               0.000000000    
 Y(H2)                              0.000000000               0.000000000    
 Y(O2)                              0.000000000               0.000000000    
 Y(H2O)                             0.000000000               0.000000000    
 Y(H)                               0.000000000               0.000000000    
 Y(O)                               0.000000000               0.000000000    
 Y(OH)                              0.000000000               0.000000000    
 Y(HO2)                             0.000000000               0.000000000    
 Y(H2O2)                            0.000000000               0.000000000    
 Y(N2)                              0.000000000               0.000000000    
 x_velocity                         0.000000000               0.000000000    
 y_velocity                         0.000000000               0.000000000    
 level =  3
 density                            0.000000000               0.000000000    
 xmom                               0.000000000               0.000000000    
 ymom                               0.000000000               0.000000000    
 zmom                               0.000000000               0.000000000    
 rho_E                              0.000000000               0.000000000    
 rho_e                              0.000000000               0.000000000    
 Temp                               0.000000000               0.000000000    
 rho_omega_H2                       0.000000000               0.000000000    
 rho_omega_O2                       0.000000000               0.000000000    
 rho_omega_H2O                      0.000000000               0.000000000    
 rho_omega_H                        0.000000000               0.000000000    
 rho_omega_O                        0.000000000               0.000000000    
 rho_omega_OH                       0.000000000               0.000000000    
 rho_omega_HO2                      0.000000000               0.000000000    
 rho_omega_H2O2                     0.000000000               0.000000000    
 rho_omega_N2                       0.000000000               0.000000000    
 rhoe_dot                           0.000000000               0.000000000    
 pressure                           0.000000000               0.000000000    
 Y(H2)                              0.000000000               0.000000000    
 Y(O2)                              0.000000000               0.000000000    
 Y(H2O)                             0.000000000               0.000000000    
 Y(H)                               0.000000000               0.000000000    
 Y(O)                               0.000000000               0.000000000    
 Y(OH)                              0.000000000               0.000000000    
 Y(HO2)                             0.000000000               0.000000000    
 Y(H2O2)                            0.000000000               0.000000000    
 Y(N2)                              0.000000000               0.000000000    
 x_velocity                         0.000000000               0.000000000    
 y_velocity                         0.000000000               0.000000000    
 PLOTFILES AGREE
