/projects/ExaCT/Pele/PeleTests/AMReX/Tools/Postprocessing/F_Src//fcompare.Linux.gfortran.test.exe -n 0 /projects/ExaCT/Pele/PeleTests/PeleC-benchmarks/Sod-1_plt00034 Sod-1_plt00034
  
            variable name            absolute error            relative error
                                        (||A - B||)         (||A - B||/||A||)
 ----------------------------------------------------------------------
 level =  1
 density                            0.000000000               0.000000000    
 xmom                               0.000000000               0.000000000    
 ymom                               0.000000000               0.000000000    
 zmom                               0.000000000               0.000000000    
 rho_E                              0.000000000               0.000000000    
 rho_e                              0.000000000               0.000000000    
 Temp                               0.000000000               0.000000000    
 rho_X                              0.000000000               0.000000000    
 pressure                           0.000000000               0.000000000    
 kineng                             0.000000000               0.000000000    
 enstrophy                          0.000000000               0.000000000    
 soundspeed                         0.000000000               0.000000000    
 MachNumber                         0.000000000               0.000000000    
 entropy                            0.000000000               0.000000000    
 magvort                            0.000000000               0.000000000    
 divu                               0.000000000               0.000000000    
 eint_E                             0.000000000               0.000000000    
 eint_e                             0.000000000               0.000000000    
 logden                             0.000000000               0.000000000    
 Y(X)                               0.000000000               0.000000000    
 x_velocity                         0.000000000               0.000000000    
 y_velocity                         0.000000000               0.000000000    
 z_velocity                         0.000000000               0.000000000    
 magvel                             0.000000000               0.000000000    
 radvel                             0.000000000               0.000000000    
 magmom                             0.000000000               0.000000000    
 X                                  0.000000000               0.000000000    
 level =  2
 density                            0.000000000               0.000000000    
 xmom                               0.000000000               0.000000000    
 ymom                               0.000000000               0.000000000    
 zmom                               0.000000000               0.000000000    
 rho_E                              0.000000000               0.000000000    
 rho_e                              0.000000000               0.000000000    
 Temp                               0.000000000               0.000000000    
 rho_X                              0.000000000               0.000000000    
 pressure                           0.000000000               0.000000000    
 kineng                             0.000000000               0.000000000    
 enstrophy                          0.000000000               0.000000000    
 soundspeed                         0.000000000               0.000000000    
 MachNumber                         0.000000000               0.000000000    
 entropy                            0.000000000               0.000000000    
 magvort                            0.000000000               0.000000000    
 divu                               0.000000000               0.000000000    
 eint_E                             0.000000000               0.000000000    
 eint_e                             0.000000000               0.000000000    
 logden                             0.000000000               0.000000000    
 Y(X)                               0.000000000               0.000000000    
 x_velocity                         0.000000000               0.000000000    
 y_velocity                         0.000000000               0.000000000    
 z_velocity                         0.000000000               0.000000000    
 magvel                             0.000000000               0.000000000    
 radvel                             0.000000000               0.000000000    
 magmom                             0.000000000               0.000000000    
 X                                  0.000000000               0.000000000    
 level =  3
 density                            0.000000000               0.000000000    
 xmom                               0.000000000               0.000000000    
 ymom                               0.000000000               0.000000000    
 zmom                               0.000000000               0.000000000    
 rho_E                              0.000000000               0.000000000    
 rho_e                              0.000000000               0.000000000    
 Temp                               0.000000000               0.000000000    
 rho_X                              0.000000000               0.000000000    
 pressure                           0.000000000               0.000000000    
 kineng                             0.000000000               0.000000000    
 enstrophy                          0.000000000               0.000000000    
 soundspeed                         0.000000000               0.000000000    
 MachNumber                         0.000000000               0.000000000    
 entropy                            0.000000000               0.000000000    
 magvort                            0.000000000               0.000000000    
 divu                               0.000000000               0.000000000    
 eint_E                             0.000000000               0.000000000    
 eint_e                             0.000000000               0.000000000    
 logden                             0.000000000               0.000000000    
 Y(X)                               0.000000000               0.000000000    
 x_velocity                         0.000000000               0.000000000    
 y_velocity                         0.000000000               0.000000000    
 z_velocity                         0.000000000               0.000000000    
 magvel                             0.000000000               0.000000000    
 radvel                             0.000000000               0.000000000    
 magmom                             0.000000000               0.000000000    
 X                                  0.000000000               0.000000000    
 PLOTFILES AGREE
