MPI initialized with 2 MPI processes
AMReX (18.12-336-g900ce1f3ba6c) initialized

Starting run at 08:14:31 UTC on 2018-12-18.
Successfully read inputs file ... 

PeleC git hash: 5125bd1
AMReX git hash: 18.12-336-g900ce1f3b
PelePhysics git hash: 6767379

reading extern runtime parameters ...

Time in set_method_params: 0.0003011230001
1 Species: 
X  
0 Auxiliary Variables: 

Successfully read inputs file ... 
Starting to call amrex_probinit ... 
Successfully run amrex_probinit
Initializing the data at level 0
Done initializing level 0 data 
...estimated hydro-limited timestep at level 0: 0.02376996341
PeleC::estTimeStep (hydro-limited) at level 0:  estdt = 0.02376996341
grid_places() time: 0.000418452 new finest: 1
Initializing the data at level 1
Done initializing level 1 data 
grid_places() time: 0.000488202 new finest: 2
Initializing the data at level 2
Done initializing level 2 data 
Now regridding at level lbase = 0
grid_places() time: 0.000576261 new finest: 2
Initializing the data at level 1
Done initializing level 1 data 
Initializing the data at level 2
Done initializing level 2 data 
STEP = 0 TIME = 0 : REGRID  with lbase = 0
  Level 1   2 grids  512 cells  50 % of domain
            smallest grid: 16 x 16  biggest grid: 16 x 16
  Level 2   2 grids  512 cells  12.5 % of domain
            smallest grid: 16 x 16  biggest grid: 16 x 16

Now regridding at level lbase = 0
grid_places() time: 0.000590107 new finest: 2
Initializing the data at level 1
Done initializing level 1 data 
Initializing the data at level 2
Done initializing level 2 data 
STEP = 0 TIME = 0 : REGRID  with lbase = 0
  Level 1   2 grids  512 cells  50 % of domain
            smallest grid: 16 x 16  biggest grid: 16 x 16
  Level 2   2 grids  512 cells  12.5 % of domain
            smallest grid: 16 x 16  biggest grid: 16 x 16


TIME= 0 MASS        = 0.140625
TIME= 0 XMOM        = 0
TIME= 0 YMOM        = 0
TIME= 0 ZMOM        = 0
TIME= 0 RHO*e       = 0.34375
TIME= 0 RHO*K       = 0
TIME= 0 RHO*E       = 0.34375
TIME= 0 ENSTROPHY   = 0
TIME= 0 FUEL PROD   = 0
TIME= 0 TEMP        = 2.706128142e-09
INITIAL GRIDS 
  Level 0   2 grids  256 cells  100 % of domain
            smallest grid: 16 x 8  biggest grid: 16 x 8
  Level 1   2 grids  512 cells  50 % of domain
            smallest grid: 16 x 16  biggest grid: 16 x 16
  Level 2   2 grids  512 cells  12.5 % of domain
            smallest grid: 16 x 16  biggest grid: 16 x 16

PLOTFILE: file = Sod-2d_plt00000
Write plotfile time = 0.012005441  seconds

...estimated hydro-limited timestep at level 0: 0.02376996341
PeleC::estTimeStep (hydro-limited) at level 0:  estdt = 0.02376996341
...estimated hydro-limited timestep at level 1: 0.01188498171
PeleC::estTimeStep (hydro-limited) at level 1:  estdt = 0.01188498171
...estimated hydro-limited timestep at level 2: 0.005942490854
PeleC::estTimeStep (hydro-limited) at level 2:  estdt = 0.005942490854
[Level 0 step 1] ADVANCE with dt = 0.002376996341
... Computing hydro advance
[Level 0 step 1] Advanced 256 cells
[Level 1 step 1] ADVANCE with dt = 0.001188498171
... Computing hydro advance
[Level 1 step 1] Advanced 512 cells
[Level 2 step 1] ADVANCE with dt = 0.0005942490854
... Computing hydro advance
[Level 2 step 1] Advanced 512 cells
[Level 2 step 2] ADVANCE with dt = 0.0005942490854
... Computing hydro advance
[Level 2 step 2] Advanced 512 cells
PeleC::reflux() at level 1 : time = 4.429100227e-05
[Level 1 step 2] ADVANCE with dt = 0.001188498171
... Computing hydro advance
[Level 1 step 2] Advanced 512 cells
[Level 2 step 3] ADVANCE with dt = 0.0005942490854
... Computing hydro advance
[Level 2 step 3] Advanced 512 cells
[Level 2 step 4] ADVANCE with dt = 0.0005942490854
... Computing hydro advance
[Level 2 step 4] Advanced 512 cells
PeleC::reflux() at level 1 : time = 2.368499554e-05
PeleC::reflux() at level 0 : time = 8.17199907e-06

TIME= 0.002376996341 MASS        = 0.140625
TIME= 0.002376996341 XMOM        = 0.0005348241768
TIME= 0.002376996341 YMOM        = 0
TIME= 0.002376996341 ZMOM        = 0
TIME= 0.002376996341 RHO*e       = 0.3436832648
TIME= 0.002376996341 RHO*K       = 6.673520166e-05
TIME= 0.002376996341 RHO*E       = 0.34375
TIME= 0.002376996341 ENSTROPHY   = 0
TIME= 0.002376996341 FUEL PROD   = 0
TIME= 0.002376996341 TEMP        = 2.705717829e-09

[STEP 1] Coarse TimeStep time: 0.00653183
[STEP 1] FAB kilobyte spread across MPI nodes: [597 ... 597]

STEP = 1 TIME = 0.002376996341 DT = 0.002376996341

...estimated hydro-limited timestep at level 0: 0.02287275931
PeleC::estTimeStep (hydro-limited) at level 0:  estdt = 0.02287275931
...estimated hydro-limited timestep at level 1: 0.01045859802
PeleC::estTimeStep (hydro-limited) at level 1:  estdt = 0.01045859802
...estimated hydro-limited timestep at level 2: 0.004805405328
PeleC::estTimeStep (hydro-limited) at level 2:  estdt = 0.004805405328
PeleC::compute_new_dt : limiting dt at level 0
 ... new dt computed: 0.02287275931
 ... but limiting to: 0.002495846158 = 1.05 * 0.002376996341
PeleC::compute_new_dt : limiting dt at level 1
 ... new dt computed: 0.01045859802
 ... but limiting to: 0.001247923079 = 1.05 * 0.001188498171
PeleC::compute_new_dt : limiting dt at level 2
 ... new dt computed: 0.004805405328
 ... but limiting to: 0.0006239615396 = 1.05 * 0.0005942490854
Now regridding at level lbase = 1
grid_places() time: 0.00039241 new finest: 2
TIME = 0.002376996341 : REGRID  with lbase = 1
  Level 2   2 grids  512 cells  12.5 % of domain
            smallest grid: 16 x 16  biggest grid: 16 x 16

[Level 0 step 2] ADVANCE with dt = 0.002495846158
... Computing hydro advance
[Level 0 step 2] Advanced 256 cells
[Level 1 step 3] ADVANCE with dt = 0.001247923079
... Computing hydro advance
[Level 1 step 3] Advanced 512 cells
[Level 2 step 5] ADVANCE with dt = 0.0006239615396
... Computing hydro advance
[Level 2 step 5] Advanced 512 cells
[Level 2 step 6] ADVANCE with dt = 0.0006239615396
... Computing hydro advance
[Level 2 step 6] Advanced 512 cells
PeleC::reflux() at level 1 : time = 4.28179992e-05
[Level 1 step 4] ADVANCE with dt = 0.001247923079
... Computing hydro advance
[Level 1 step 4] Advanced 512 cells
[Level 2 step 7] ADVANCE with dt = 0.0006239615396
... Computing hydro advance
[Level 2 step 7] Advanced 512 cells
[Level 2 step 8] ADVANCE with dt = 0.0006239615396
... Computing hydro advance
[Level 2 step 8] Advanced 512 cells
PeleC::reflux() at level 1 : time = 3.296700015e-05
PeleC::reflux() at level 0 : time = 4.235000233e-06

TIME= 0.0048728425 MASS        = 0.140625
TIME= 0.0048728425 XMOM        = 0.001096389562
TIME= 0.0048728425 YMOM        = 0
TIME= 0.0048728425 ZMOM        = 0
TIME= 0.0048728425 RHO*e       = 0.3435294243
TIME= 0.0048728425 RHO*K       = 0.0002205757442
TIME= 0.0048728425 RHO*E       = 0.34375
TIME= 0.0048728425 ENSTROPHY   = 0
TIME= 0.0048728425 FUEL PROD   = 0
TIME= 0.0048728425 TEMP        = 2.706131229e-09

[STEP 2] Coarse TimeStep time: 0.006835673
[STEP 2] FAB kilobyte spread across MPI nodes: [612 ... 612]

STEP = 2 TIME = 0.0048728425 DT = 0.002495846158

...estimated hydro-limited timestep at level 0: 0.01996359536
PeleC::estTimeStep (hydro-limited) at level 0:  estdt = 0.01996359536
...estimated hydro-limited timestep at level 1: 0.008890844509
PeleC::estTimeStep (hydro-limited) at level 1:  estdt = 0.008890844509
...estimated hydro-limited timestep at level 2: 0.00419273879
PeleC::estTimeStep (hydro-limited) at level 2:  estdt = 0.00419273879
PeleC::compute_new_dt : limiting dt at level 0
 ... new dt computed: 0.01996359536
 ... but limiting to: 0.002620638466 = 1.05 * 0.002495846158
PeleC::compute_new_dt : limiting dt at level 1
 ... new dt computed: 0.008890844509
 ... but limiting to: 0.001310319233 = 1.05 * 0.001247923079
PeleC::compute_new_dt : limiting dt at level 2
 ... new dt computed: 0.00419273879
 ... but limiting to: 0.0006551596166 = 1.05 * 0.0006239615396
Now regridding at level lbase = 0
grid_places() time: 0.000572559 new finest: 2
STEP = 2 TIME = 0.0048728425 : REGRID  with lbase = 0
  Level 1   2 grids  512 cells  50 % of domain
            smallest grid: 16 x 16  biggest grid: 16 x 16
  Level 2   2 grids  512 cells  12.5 % of domain
            smallest grid: 16 x 16  biggest grid: 16 x 16

[Level 0 step 3] ADVANCE with dt = 0.002620638466
... Computing hydro advance
[Level 0 step 3] Advanced 256 cells
[Level 1 step 5] ADVANCE with dt = 0.001310319233
... Computing hydro advance
[Level 1 step 5] Advanced 512 cells
[Level 2 step 9] ADVANCE with dt = 0.0006551596166
... Computing hydro advance
[Level 2 step 9] Advanced 512 cells
[Level 2 step 10] ADVANCE with dt = 0.0006551596166
... Computing hydro advance
[Level 2 step 10] Advanced 512 cells
PeleC::reflux() at level 1 : time = 3.711199679e-05
[Level 1 step 6] ADVANCE with dt = 0.001310319233
... Computing hydro advance
[Level 1 step 6] Advanced 512 cells
[Level 2 step 11] ADVANCE with dt = 0.0006551596166
... Computing hydro advance
[Level 2 step 11] Advanced 512 cells
[Level 2 step 12] ADVANCE with dt = 0.0006551596166
... Computing hydro advance
[Level 2 step 12] Advanced 512 cells
PeleC::reflux() at level 1 : time = 3.341899719e-05
PeleC::reflux() at level 0 : time = 8.292001439e-06

TIME= 0.007493480966 MASS        = 0.140625
TIME= 0.007493480966 XMOM        = 0.001686033217
TIME= 0.007493480966 YMOM        = 0
TIME= 0.007493480966 ZMOM        = 0
TIME= 0.007493480966 RHO*e       = 0.3432496196
TIME= 0.007493480966 RHO*K       = 0.0005003804108
TIME= 0.007493480966 RHO*E       = 0.34375
TIME= 0.007493480966 ENSTROPHY   = 0
TIME= 0.007493480966 FUEL PROD   = 0
TIME= 0.007493480966 TEMP        = 2.708042588e-09

[STEP 3] Coarse TimeStep time: 0.007192669
[STEP 3] FAB kilobyte spread across MPI nodes: [612 ... 612]

STEP = 3 TIME = 0.007493480966 DT = 0.002620638466

...estimated hydro-limited timestep at level 0: 0.01682034454
PeleC::estTimeStep (hydro-limited) at level 0:  estdt = 0.01682034454
...estimated hydro-limited timestep at level 1: 0.007439649514
PeleC::estTimeStep (hydro-limited) at level 1:  estdt = 0.007439649514
...estimated hydro-limited timestep at level 2: 0.003507495295
PeleC::estTimeStep (hydro-limited) at level 2:  estdt = 0.003507495295
PeleC::compute_new_dt : limiting dt at level 0
 ... new dt computed: 0.01682034454
 ... but limiting to: 0.00275167039 = 1.05 * 0.002620638466
PeleC::compute_new_dt : limiting dt at level 1
 ... new dt computed: 0.007439649514
 ... but limiting to: 0.001375835195 = 1.05 * 0.001310319233
PeleC::compute_new_dt : limiting dt at level 2
 ... new dt computed: 0.003507495295
 ... but limiting to: 0.0006879175974 = 1.05 * 0.0006551596166
Now regridding at level lbase = 1
grid_places() time: 0.00038224 new finest: 2
TIME = 0.007493480966 : REGRID  with lbase = 1
  Level 2   2 grids  512 cells  12.5 % of domain
            smallest grid: 16 x 16  biggest grid: 16 x 16

[Level 0 step 4] ADVANCE with dt = 0.00275167039
... Computing hydro advance
[Level 0 step 4] Advanced 256 cells
[Level 1 step 7] ADVANCE with dt = 0.001375835195
... Computing hydro advance
[Level 1 step 7] Advanced 512 cells
[Level 2 step 13] ADVANCE with dt = 0.0006879175974
... Computing hydro advance
[Level 2 step 13] Advanced 512 cells
[Level 2 step 14] ADVANCE with dt = 0.0006879175974
... Computing hydro advance
[Level 2 step 14] Advanced 512 cells
PeleC::reflux() at level 1 : time = 4.226500459e-05
[Level 1 step 8] ADVANCE with dt = 0.001375835195
... Computing hydro advance
[Level 1 step 8] Advanced 512 cells
[Level 2 step 15] ADVANCE with dt = 0.0006879175974
... Computing hydro advance
[Level 2 step 15] Advanced 512 cells
[Level 2 step 16] ADVANCE with dt = 0.0006879175974
... Computing hydro advance
[Level 2 step 16] Advanced 512 cells
PeleC::reflux() at level 1 : time = 3.270799789e-05
PeleC::reflux() at level 0 : time = 4.237001122e-06

TIME= 0.01024515136 MASS        = 0.140625
TIME= 0.01024515136 XMOM        = 0.002305159055
TIME= 0.01024515136 YMOM        = 0
TIME= 0.01024515136 ZMOM        = 0
TIME= 0.01024515136 RHO*e       = 0.3429751057
TIME= 0.01024515136 RHO*K       = 0.0007748943398
TIME= 0.01024515136 RHO*E       = 0.34375
TIME= 0.01024515136 ENSTROPHY   = 0
TIME= 0.01024515136 FUEL PROD   = 0
TIME= 0.01024515136 TEMP        = 2.708737049e-09

[STEP 4] Coarse TimeStep time: 0.006921046
[STEP 4] FAB kilobyte spread across MPI nodes: [612 ... 612]

STEP = 4 TIME = 0.01024515136 DT = 0.00275167039

...estimated hydro-limited timestep at level 0: 0.01537872307
PeleC::estTimeStep (hydro-limited) at level 0:  estdt = 0.01537872307
...estimated hydro-limited timestep at level 1: 0.006960994857
PeleC::estTimeStep (hydro-limited) at level 1:  estdt = 0.006960994857
...estimated hydro-limited timestep at level 2: 0.003414465511
PeleC::estTimeStep (hydro-limited) at level 2:  estdt = 0.003414465511
PeleC::compute_new_dt : limiting dt at level 0
 ... new dt computed: 0.01537872307
 ... but limiting to: 0.002889253909 = 1.05 * 0.00275167039
PeleC::compute_new_dt : limiting dt at level 1
 ... new dt computed: 0.006960994857
 ... but limiting to: 0.001444626955 = 1.05 * 0.001375835195
PeleC::compute_new_dt : limiting dt at level 2
 ... new dt computed: 0.003414465511
 ... but limiting to: 0.0007223134773 = 1.05 * 0.0006879175974
Now regridding at level lbase = 0
grid_places() time: 0.000557819 new finest: 2
STEP = 4 TIME = 0.01024515136 : REGRID  with lbase = 0
  Level 1   2 grids  512 cells  50 % of domain
            smallest grid: 16 x 16  biggest grid: 16 x 16
  Level 2   2 grids  1024 cells  25 % of domain
            smallest grid: 32 x 16  biggest grid: 32 x 16

[Level 0 step 5] ADVANCE with dt = 0.002889253909
... Computing hydro advance
[Level 0 step 5] Advanced 256 cells
[Level 1 step 9] ADVANCE with dt = 0.001444626955
... Computing hydro advance
[Level 1 step 9] Advanced 512 cells
[Level 2 step 17] ADVANCE with dt = 0.0007223134773
... Computing hydro advance
[Level 2 step 17] Advanced 1024 cells
[Level 2 step 18] ADVANCE with dt = 0.0007223134773
... Computing hydro advance
[Level 2 step 18] Advanced 1024 cells
PeleC::reflux() at level 1 : time = 2.979599958e-05
[Level 1 step 10] ADVANCE with dt = 0.001444626955
... Computing hydro advance
[Level 1 step 10] Advanced 512 cells
[Level 2 step 19] ADVANCE with dt = 0.0007223134773
... Computing hydro advance
[Level 2 step 19] Advanced 1024 cells
[Level 2 step 20] ADVANCE with dt = 0.0007223134773
... Computing hydro advance
[Level 2 step 20] Advanced 1024 cells
PeleC::reflux() at level 1 : time = 2.406700514e-05
PeleC::reflux() at level 0 : time = 9.050003428e-06

TIME= 0.01313440527 MASS        = 0.140625
TIME= 0.01313440527 XMOM        = 0.002955241185
TIME= 0.01313440527 YMOM        = 0
TIME= 0.01313440527 ZMOM        = 0
TIME= 0.01313440527 RHO*e       = 0.3427246972
TIME= 0.01313440527 RHO*K       = 0.00102530281
TIME= 0.01313440527 RHO*E       = 0.34375
TIME= 0.01313440527 ENSTROPHY   = 0
TIME= 0.01313440527 FUEL PROD   = 0
TIME= 0.01313440527 TEMP        = 2.709852968e-09

[STEP 5] Coarse TimeStep time: 0.009685886
[STEP 5] FAB kilobyte spread across MPI nodes: [819 ... 819]

STEP = 5 TIME = 0.01313440527 DT = 0.002889253909

...estimated hydro-limited timestep at level 0: 0.01456609115
PeleC::estTimeStep (hydro-limited) at level 0:  estdt = 0.01456609115
...estimated hydro-limited timestep at level 1: 0.006907510232
PeleC::estTimeStep (hydro-limited) at level 1:  estdt = 0.006907510232
...estimated hydro-limited timestep at level 2: 0.003431185959
PeleC::estTimeStep (hydro-limited) at level 2:  estdt = 0.003431185959
PeleC::compute_new_dt : limiting dt at level 0
 ... new dt computed: 0.01456609115
 ... but limiting to: 0.003033716605 = 1.05 * 0.002889253909
PeleC::compute_new_dt : limiting dt at level 1
 ... new dt computed: 0.006907510232
 ... but limiting to: 0.001516858302 = 1.05 * 0.001444626955
PeleC::compute_new_dt : limiting dt at level 2
 ... new dt computed: 0.003431185959
 ... but limiting to: 0.0007584291512 = 1.05 * 0.0007223134773
Now regridding at level lbase = 1
grid_places() time: 0.000391706 new finest: 2
TIME = 0.01313440527 : REGRID  with lbase = 1
  Level 2   2 grids  1024 cells  25 % of domain
            smallest grid: 32 x 16  biggest grid: 32 x 16

[Level 0 step 6] ADVANCE with dt = 0.003033716605
... Computing hydro advance
[Level 0 step 6] Advanced 256 cells
[Level 1 step 11] ADVANCE with dt = 0.001516858302
... Computing hydro advance
[Level 1 step 11] Advanced 512 cells
[Level 2 step 21] ADVANCE with dt = 0.0007584291512
... Computing hydro advance
[Level 2 step 21] Advanced 1024 cells
[Level 2 step 22] ADVANCE with dt = 0.0007584291512
... Computing hydro advance
[Level 2 step 22] Advanced 1024 cells
PeleC::reflux() at level 1 : time = 3.243699757e-05
[Level 1 step 12] ADVANCE with dt = 0.001516858302
... Computing hydro advance
[Level 1 step 12] Advanced 512 cells
[Level 2 step 23] ADVANCE with dt = 0.0007584291512
... Computing hydro advance
[Level 2 step 23] Advanced 1024 cells
[Level 2 step 24] ADVANCE with dt = 0.0007584291512
... Computing hydro advance
[Level 2 step 24] Advanced 1024 cells
PeleC::reflux() at level 1 : time = 2.460699761e-05
PeleC::reflux() at level 0 : time = 4.405999789e-06

TIME= 0.01616812187 MASS        = 0.140625
TIME= 0.01616812187 XMOM        = 0.003637827421
TIME= 0.01616812187 YMOM        = 0
TIME= 0.01616812187 ZMOM        = 0
TIME= 0.01616812187 RHO*e       = 0.3424494863
TIME= 0.01616812187 RHO*K       = 0.001300513739
TIME= 0.01616812187 RHO*E       = 0.34375
TIME= 0.01616812187 ENSTROPHY   = 0
TIME= 0.01616812187 FUEL PROD   = 0
TIME= 0.01616812187 TEMP        = 2.709933889e-09

[STEP 6] Coarse TimeStep time: 0.009306834
[STEP 6] FAB kilobyte spread across MPI nodes: [831 ... 831]

STEP = 6 TIME = 0.01616812187 DT = 0.003033716605

...estimated hydro-limited timestep at level 0: 0.01408008602
PeleC::estTimeStep (hydro-limited) at level 0:  estdt = 0.01408008602
...estimated hydro-limited timestep at level 1: 0.007014422401
PeleC::estTimeStep (hydro-limited) at level 1:  estdt = 0.007014422401
...estimated hydro-limited timestep at level 2: 0.003333695849
PeleC::estTimeStep (hydro-limited) at level 2:  estdt = 0.003333695849
PeleC::compute_new_dt : limiting dt at level 0
 ... new dt computed: 0.01408008602
 ... but limiting to: 0.003185402435 = 1.05 * 0.003033716605
PeleC::compute_new_dt : limiting dt at level 1
 ... new dt computed: 0.007014422401
 ... but limiting to: 0.001592701217 = 1.05 * 0.001516858302
PeleC::compute_new_dt : limiting dt at level 2
 ... new dt computed: 0.003333695849
 ... but limiting to: 0.0007963506087 = 1.05 * 0.0007584291512
Now regridding at level lbase = 0
grid_places() time: 0.000563984 new finest: 2
STEP = 6 TIME = 0.01616812187 : REGRID  with lbase = 0
  Level 1   2 grids  512 cells  50 % of domain
            smallest grid: 16 x 16  biggest grid: 16 x 16
  Level 2   2 grids  1024 cells  25 % of domain
            smallest grid: 32 x 16  biggest grid: 32 x 16

[Level 0 step 7] ADVANCE with dt = 0.003185402435
... Computing hydro advance
[Level 0 step 7] Advanced 256 cells
[Level 1 step 13] ADVANCE with dt = 0.001592701217
... Computing hydro advance
[Level 1 step 13] Advanced 512 cells
[Level 2 step 25] ADVANCE with dt = 0.0007963506087
... Computing hydro advance
[Level 2 step 25] Advanced 1024 cells
[Level 2 step 26] ADVANCE with dt = 0.0007963506087
... Computing hydro advance
[Level 2 step 26] Advanced 1024 cells
PeleC::reflux() at level 1 : time = 3.548600216e-05
[Level 1 step 14] ADVANCE with dt = 0.001592701217
... Computing hydro advance
[Level 1 step 14] Advanced 512 cells
[Level 2 step 27] ADVANCE with dt = 0.0007963506087
... Computing hydro advance
[Level 2 step 27] Advanced 1024 cells
[Level 2 step 28] ADVANCE with dt = 0.0007963506087
... Computing hydro advance
[Level 2 step 28] Advanced 1024 cells
PeleC::reflux() at level 1 : time = 2.467499871e-05
PeleC::reflux() at level 0 : time = 8.472998161e-06

TIME= 0.0193535243 MASS        = 0.140625
TIME= 0.0193535243 XMOM        = 0.004354542969
TIME= 0.0193535243 YMOM        = 0
TIME= 0.0193535243 ZMOM        = 0
TIME= 0.0193535243 RHO*e       = 0.3421645884
TIME= 0.0193535243 RHO*K       = 0.00158541162
TIME= 0.0193535243 RHO*E       = 0.34375
TIME= 0.0193535243 ENSTROPHY   = 0
TIME= 0.0193535243 FUEL PROD   = 0
TIME= 0.0193535243 TEMP        = 2.710121506e-09

[STEP 7] Coarse TimeStep time: 0.009571245
[STEP 7] FAB kilobyte spread across MPI nodes: [831 ... 831]

STEP = 7 TIME = 0.0193535243 DT = 0.003185402435

...estimated hydro-limited timestep at level 0: 0.01386463819
PeleC::estTimeStep (hydro-limited) at level 0:  estdt = 0.01386463819
...estimated hydro-limited timestep at level 1: 0.0066737656
PeleC::estTimeStep (hydro-limited) at level 1:  estdt = 0.0066737656
...estimated hydro-limited timestep at level 2: 0.003305499675
PeleC::estTimeStep (hydro-limited) at level 2:  estdt = 0.003305499675
PeleC::compute_new_dt : limiting dt at level 0
 ... new dt computed: 0.01386463819
 ... but limiting to: 0.003344672557 = 1.05 * 0.003185402435
PeleC::compute_new_dt : limiting dt at level 1
 ... new dt computed: 0.0066737656
 ... but limiting to: 0.001672336278 = 1.05 * 0.001592701217
PeleC::compute_new_dt : limiting dt at level 2
 ... new dt computed: 0.003305499675
 ... but limiting to: 0.0008361681392 = 1.05 * 0.0007963506087
Now regridding at level lbase = 1
grid_places() time: 0.000385765 new finest: 2
TIME = 0.0193535243 : REGRID  with lbase = 1
  Level 2   2 grids  1024 cells  25 % of domain
            smallest grid: 32 x 16  biggest grid: 32 x 16

[Level 0 step 8] ADVANCE with dt = 0.003344672557
... Computing hydro advance
[Level 0 step 8] Advanced 256 cells
[Level 1 step 15] ADVANCE with dt = 0.001672336278
... Computing hydro advance
[Level 1 step 15] Advanced 512 cells
[Level 2 step 29] ADVANCE with dt = 0.0008361681392
... Computing hydro advance
[Level 2 step 29] Advanced 1024 cells
[Level 2 step 30] ADVANCE with dt = 0.0008361681392
... Computing hydro advance
[Level 2 step 30] Advanced 1024 cells
PeleC::reflux() at level 1 : time = 2.667000081e-05
[Level 1 step 16] ADVANCE with dt = 0.001672336278
... Computing hydro advance
[Level 1 step 16] Advanced 512 cells
[Level 2 step 31] ADVANCE with dt = 0.0008361681392
... Computing hydro advance
[Level 2 step 31] Advanced 1024 cells
[Level 2 step 32] ADVANCE with dt = 0.0008361681392
... Computing hydro advance
[Level 2 step 32] Advanced 1024 cells
PeleC::reflux() at level 1 : time = 1.883199729e-05
PeleC::reflux() at level 0 : time = 4.393994459e-06

TIME= 0.02269819686 MASS        = 0.140625
TIME= 0.02269819686 XMOM        = 0.005107094294
TIME= 0.02269819686 YMOM        = 0
TIME= 0.02269819686 ZMOM        = 0
TIME= 0.02269819686 RHO*e       = 0.3418665486
TIME= 0.02269819686 RHO*K       = 0.001883451437
TIME= 0.02269819686 RHO*E       = 0.34375
TIME= 0.02269819686 ENSTROPHY   = 0
TIME= 0.02269819686 FUEL PROD   = 0
TIME= 0.02269819686 TEMP        = 2.710475964e-09

[STEP 8] Coarse TimeStep time: 0.009270387
[STEP 8] FAB kilobyte spread across MPI nodes: [831 ... 831]

STEP = 8 TIME = 0.02269819686 DT = 0.003344672557

...estimated hydro-limited timestep at level 0: 0.01392893102
PeleC::estTimeStep (hydro-limited) at level 0:  estdt = 0.01392893102
...estimated hydro-limited timestep at level 1: 0.006677353917
PeleC::estTimeStep (hydro-limited) at level 1:  estdt = 0.006677353917
...estimated hydro-limited timestep at level 2: 0.003272710037
PeleC::estTimeStep (hydro-limited) at level 2:  estdt = 0.003272710037
PeleC::compute_new_dt : limiting dt at level 0
 ... new dt computed: 0.01392893102
 ... but limiting to: 0.003511906185 = 1.05 * 0.003344672557
PeleC::compute_new_dt : limiting dt at level 1
 ... new dt computed: 0.006677353917
 ... but limiting to: 0.001755953092 = 1.05 * 0.001672336278
PeleC::compute_new_dt : limiting dt at level 2
 ... new dt computed: 0.003272710037
 ... but limiting to: 0.0008779765461 = 1.05 * 0.0008361681392
Now regridding at level lbase = 0
grid_places() time: 0.000558541 new finest: 2
STEP = 8 TIME = 0.02269819686 : REGRID  with lbase = 0
  Level 1   2 grids  512 cells  50 % of domain
            smallest grid: 16 x 16  biggest grid: 16 x 16
  Level 2   2 grids  1024 cells  25 % of domain
            smallest grid: 32 x 16  biggest grid: 32 x 16

[Level 0 step 9] ADVANCE with dt = 0.003511906185
... Computing hydro advance
[Level 0 step 9] Advanced 256 cells
[Level 1 step 17] ADVANCE with dt = 0.001755953092
... Computing hydro advance
[Level 1 step 17] Advanced 512 cells
[Level 2 step 33] ADVANCE with dt = 0.0008779765461
... Computing hydro advance
[Level 2 step 33] Advanced 1024 cells
[Level 2 step 34] ADVANCE with dt = 0.0008779765461
... Computing hydro advance
[Level 2 step 34] Advanced 1024 cells
PeleC::reflux() at level 1 : time = 3.243899846e-05
[Level 1 step 18] ADVANCE with dt = 0.001755953092
... Computing hydro advance
[Level 1 step 18] Advanced 512 cells
[Level 2 step 35] ADVANCE with dt = 0.0008779765461
... Computing hydro advance
[Level 2 step 35] Advanced 1024 cells
[Level 2 step 36] ADVANCE with dt = 0.0008779765461
... Computing hydro advance
[Level 2 step 36] Advanced 1024 cells
PeleC::reflux() at level 1 : time = 2.438799856e-05
PeleC::reflux() at level 0 : time = 8.693998097e-06

TIME= 0.02621010305 MASS        = 0.140625
TIME= 0.02621010305 XMOM        = 0.005897273185
TIME= 0.02621010305 YMOM        = 0
TIME= 0.02621010305 ZMOM        = 0
TIME= 0.02621010305 RHO*e       = 0.3415465147
TIME= 0.02621010305 RHO*K       = 0.002203485302
TIME= 0.02621010305 RHO*E       = 0.34375
TIME= 0.02621010305 ENSTROPHY   = 0
TIME= 0.02621010305 FUEL PROD   = 0
TIME= 0.02621010305 TEMP        = 2.710627022e-09

[STEP 9] Coarse TimeStep time: 0.009597908
[STEP 9] FAB kilobyte spread across MPI nodes: [831 ... 831]

STEP = 9 TIME = 0.02621010305 DT = 0.003511906185

...estimated hydro-limited timestep at level 0: 0.01408536339
PeleC::estTimeStep (hydro-limited) at level 0:  estdt = 0.01408536339
...estimated hydro-limited timestep at level 1: 0.00679752238
PeleC::estTimeStep (hydro-limited) at level 1:  estdt = 0.00679752238
...estimated hydro-limited timestep at level 2: 0.003232655815
PeleC::estTimeStep (hydro-limited) at level 2:  estdt = 0.003232655815
PeleC::compute_new_dt : limiting dt at level 0
 ... new dt computed: 0.01408536339
 ... but limiting to: 0.003687501494 = 1.05 * 0.003511906185
PeleC::compute_new_dt : limiting dt at level 1
 ... new dt computed: 0.00679752238
 ... but limiting to: 0.001843750747 = 1.05 * 0.001755953092
PeleC::compute_new_dt : limiting dt at level 2
 ... new dt computed: 0.003232655815
 ... but limiting to: 0.0009218753734 = 1.05 * 0.0008779765461
Now regridding at level lbase = 1
grid_places() time: 0.000387882 new finest: 2
TIME = 0.02621010305 : REGRID  with lbase = 1
  Level 2   2 grids  1024 cells  25 % of domain
            smallest grid: 32 x 16  biggest grid: 32 x 16

[Level 0 step 10] ADVANCE with dt = 0.003687501494
... Computing hydro advance
[Level 0 step 10] Advanced 256 cells
[Level 1 step 19] ADVANCE with dt = 0.001843750747
... Computing hydro advance
[Level 1 step 19] Advanced 512 cells
[Level 2 step 37] ADVANCE with dt = 0.0009218753734
... Computing hydro advance
[Level 2 step 37] Advanced 1024 cells
[Level 2 step 38] ADVANCE with dt = 0.0009218753734
... Computing hydro advance
[Level 2 step 38] Advanced 1024 cells
PeleC::reflux() at level 1 : time = 3.29290051e-05
[Level 1 step 20] ADVANCE with dt = 0.001843750747
... Computing hydro advance
[Level 1 step 20] Advanced 512 cells
[Level 2 step 39] ADVANCE with dt = 0.0009218753734
... Computing hydro advance
[Level 2 step 39] Advanced 1024 cells
[Level 2 step 40] ADVANCE with dt = 0.0009218753734
... Computing hydro advance
[Level 2 step 40] Advanced 1024 cells
PeleC::reflux() at level 1 : time = 2.299000334e-05
PeleC::reflux() at level 0 : time = 4.35399852e-06

TIME= 0.02989760454 MASS        = 0.140625
TIME= 0.02989760454 XMOM        = 0.006726961021
TIME= 0.02989760454 YMOM        = 0
TIME= 0.02989760454 ZMOM        = 0
TIME= 0.02989760454 RHO*e       = 0.3412125429
TIME= 0.02989760454 RHO*K       = 0.002537457055
TIME= 0.02989760454 RHO*E       = 0.34375
TIME= 0.02989760454 ENSTROPHY   = 0
TIME= 0.02989760454 FUEL PROD   = 0
TIME= 0.02989760454 TEMP        = 2.710913424e-09

[STEP 10] Coarse TimeStep time: 0.00934363
[STEP 10] FAB kilobyte spread across MPI nodes: [831 ... 831]

STEP = 10 TIME = 0.02989760454 DT = 0.003687501494

...estimated hydro-limited timestep at level 0: 0.01422649469
PeleC::estTimeStep (hydro-limited) at level 0:  estdt = 0.01422649469
...estimated hydro-limited timestep at level 1: 0.006492034067
PeleC::estTimeStep (hydro-limited) at level 1:  estdt = 0.006492034067
...estimated hydro-limited timestep at level 2: 0.003234189825
PeleC::estTimeStep (hydro-limited) at level 2:  estdt = 0.003234189825
PeleC::compute_new_dt : limiting dt at level 0
 ... new dt computed: 0.01422649469
 ... but limiting to: 0.003871876568 = 1.05 * 0.003687501494
PeleC::compute_new_dt : limiting dt at level 1
 ... new dt computed: 0.006492034067
 ... but limiting to: 0.001935938284 = 1.05 * 0.001843750747
PeleC::compute_new_dt : limiting dt at level 2
 ... new dt computed: 0.003234189825
 ... but limiting to: 0.0009679691421 = 1.05 * 0.0009218753734
Now regridding at level lbase = 0
grid_places() time: 0.000566229 new finest: 2
STEP = 10 TIME = 0.02989760454 : REGRID  with lbase = 0
  Level 1   2 grids  512 cells  50 % of domain
            smallest grid: 16 x 16  biggest grid: 16 x 16
  Level 2   2 grids  1024 cells  25 % of domain
            smallest grid: 32 x 16  biggest grid: 32 x 16

[Level 0 step 11] ADVANCE with dt = 0.003871876568
... Computing hydro advance
[Level 0 step 11] Advanced 256 cells
[Level 1 step 21] ADVANCE with dt = 0.001935938284
... Computing hydro advance
[Level 1 step 21] Advanced 512 cells
[Level 2 step 41] ADVANCE with dt = 0.0009679691421
... Computing hydro advance
[Level 2 step 41] Advanced 1024 cells
[Level 2 step 42] ADVANCE with dt = 0.0009679691421
... Computing hydro advance
[Level 2 step 42] Advanced 1024 cells
PeleC::reflux() at level 1 : time = 3.12839984e-05
[Level 1 step 22] ADVANCE with dt = 0.001935938284
... Computing hydro advance
[Level 1 step 22] Advanced 512 cells
[Level 2 step 43] ADVANCE with dt = 0.0009679691421
... Computing hydro advance
[Level 2 step 43] Advanced 1024 cells
[Level 2 step 44] ADVANCE with dt = 0.0009679691421
... Computing hydro advance
[Level 2 step 44] Advanced 1024 cells
PeleC::reflux() at level 1 : time = 2.603600296e-05
PeleC::reflux() at level 0 : time = 8.932001947e-06

TIME= 0.03376948111 MASS        = 0.140625
TIME= 0.03376948111 XMOM        = 0.007598133249
TIME= 0.03376948111 YMOM        = 0
TIME= 0.03376948111 ZMOM        = 0
TIME= 0.03376948111 RHO*e       = 0.3408592029
TIME= 0.03376948111 RHO*K       = 0.002890797102
TIME= 0.03376948111 RHO*E       = 0.34375
TIME= 0.03376948111 ENSTROPHY   = 0
TIME= 0.03376948111 FUEL PROD   = 0
TIME= 0.03376948111 TEMP        = 2.710969626e-09

[STEP 11] Coarse TimeStep time: 0.009939458
[STEP 11] FAB kilobyte spread across MPI nodes: [831 ... 831]

STEP = 11 TIME = 0.03376948111 DT = 0.003871876568

...estimated hydro-limited timestep at level 0: 0.01347784596
PeleC::estTimeStep (hydro-limited) at level 0:  estdt = 0.01347784596
...estimated hydro-limited timestep at level 1: 0.006524007082
PeleC::estTimeStep (hydro-limited) at level 1:  estdt = 0.006524007082
...estimated hydro-limited timestep at level 2: 0.00321202983
PeleC::estTimeStep (hydro-limited) at level 2:  estdt = 0.00321202983
PeleC::compute_new_dt : limiting dt at level 0
 ... new dt computed: 0.01347784596
 ... but limiting to: 0.004065470397 = 1.05 * 0.003871876568
PeleC::compute_new_dt : limiting dt at level 1
 ... new dt computed: 0.006524007082
 ... but limiting to: 0.002032735198 = 1.05 * 0.001935938284
PeleC::compute_new_dt : limiting dt at level 2
 ... new dt computed: 0.00321202983
 ... but limiting to: 0.001016367599 = 1.05 * 0.0009679691421
Now regridding at level lbase = 1
grid_places() time: 0.000385786 new finest: 2
TIME = 0.03376948111 : REGRID  with lbase = 1
  Level 2   2 grids  1024 cells  25 % of domain
            smallest grid: 32 x 16  biggest grid: 32 x 16

[Level 0 step 12] ADVANCE with dt = 0.004065470397
... Computing hydro advance
[Level 0 step 12] Advanced 256 cells
[Level 1 step 23] ADVANCE with dt = 0.002032735198
... Computing hydro advance
[Level 1 step 23] Advanced 512 cells
[Level 2 step 45] ADVANCE with dt = 0.001016367599
... Computing hydro advance
[Level 2 step 45] Advanced 1024 cells
[Level 2 step 46] ADVANCE with dt = 0.001016367599
... Computing hydro advance
[Level 2 step 46] Advanced 1024 cells
PeleC::reflux() at level 1 : time = 3.152000136e-05
[Level 1 step 24] ADVANCE with dt = 0.002032735198
... Computing hydro advance
[Level 1 step 24] Advanced 512 cells
[Level 2 step 47] ADVANCE with dt = 0.001016367599
... Computing hydro advance
[Level 2 step 47] Advanced 1024 cells
[Level 2 step 48] ADVANCE with dt = 0.001016367599
... Computing hydro advance
[Level 2 step 48] Advanced 1024 cells
PeleC::reflux() at level 1 : time = 2.333099837e-05
PeleC::reflux() at level 0 : time = 4.465000529e-06

TIME= 0.03783495151 MASS        = 0.140625
TIME= 0.03783495151 XMOM        = 0.008512864089
TIME= 0.03783495151 YMOM        = 0
TIME= 0.03783495151 ZMOM        = 0
TIME= 0.03783495151 RHO*e       = 0.340489491
TIME= 0.03783495151 RHO*K       = 0.003260508962
TIME= 0.03783495151 RHO*E       = 0.34375
TIME= 0.03783495151 ENSTROPHY   = 0
TIME= 0.03783495151 FUEL PROD   = 0
TIME= 0.03783495151 TEMP        = 2.711058839e-09

[STEP 12] Coarse TimeStep time: 0.009351087
[STEP 12] FAB kilobyte spread across MPI nodes: [831 ... 831]

STEP = 12 TIME = 0.03783495151 DT = 0.004065470397

...estimated hydro-limited timestep at level 0: 0.01315867786
PeleC::estTimeStep (hydro-limited) at level 0:  estdt = 0.01315867786
...estimated hydro-limited timestep at level 1: 0.006485121901
PeleC::estTimeStep (hydro-limited) at level 1:  estdt = 0.006485121901
...estimated hydro-limited timestep at level 2: 0.003189533547
PeleC::estTimeStep (hydro-limited) at level 2:  estdt = 0.003189533547
PeleC::compute_new_dt : limiting dt at level 0
 ... new dt computed: 0.01315867786
 ... but limiting to: 0.004268743917 = 1.05 * 0.004065470397
PeleC::compute_new_dt : limiting dt at level 1
 ... new dt computed: 0.006485121901
 ... but limiting to: 0.002134371958 = 1.05 * 0.002032735198
PeleC::compute_new_dt : limiting dt at level 2
 ... new dt computed: 0.003189533547
 ... but limiting to: 0.001067185979 = 1.05 * 0.001016367599
Now regridding at level lbase = 0
grid_places() time: 0.000552653 new finest: 2
STEP = 12 TIME = 0.03783495151 : REGRID  with lbase = 0
  Level 1   2 grids  512 cells  50 % of domain
            smallest grid: 16 x 16  biggest grid: 16 x 16
  Level 2   2 grids  1024 cells  25 % of domain
            smallest grid: 32 x 16  biggest grid: 32 x 16

[Level 0 step 13] ADVANCE with dt = 0.004268743917
... Computing hydro advance
[Level 0 step 13] Advanced 256 cells
[Level 1 step 25] ADVANCE with dt = 0.002134371958
... Computing hydro advance
[Level 1 step 25] Advanced 512 cells
[Level 2 step 49] ADVANCE with dt = 0.001067185979
... Computing hydro advance
[Level 2 step 49] Advanced 1024 cells
[Level 2 step 50] ADVANCE with dt = 0.001067185979
... Computing hydro advance
[Level 2 step 50] Advanced 1024 cells
PeleC::reflux() at level 1 : time = 3.748499876e-05
[Level 1 step 26] ADVANCE with dt = 0.002134371958
... Computing hydro advance
[Level 1 step 26] Advanced 512 cells
[Level 2 step 51] ADVANCE with dt = 0.001067185979
... Computing hydro advance
[Level 2 step 51] Advanced 1024 cells
[Level 2 step 52] ADVANCE with dt = 0.001067185979
... Computing hydro advance
[Level 2 step 52] Advanced 1024 cells
PeleC::reflux() at level 1 : time = 2.21099981e-05
PeleC::reflux() at level 0 : time = 8.62700108e-06

TIME= 0.04210369542 MASS        = 0.140625
TIME= 0.04210369542 XMOM        = 0.00947333147
TIME= 0.04210369542 YMOM        = 0
TIME= 0.04210369542 ZMOM        = 0
TIME= 0.04210369542 RHO*e       = 0.3401012286
TIME= 0.04210369542 RHO*K       = 0.003648771389
TIME= 0.04210369542 RHO*E       = 0.34375
TIME= 0.04210369542 ENSTROPHY   = 0
TIME= 0.04210369542 FUEL PROD   = 0
TIME= 0.04210369542 TEMP        = 2.711114032e-09

[STEP 13] Coarse TimeStep time: 0.009624468
[STEP 13] FAB kilobyte spread across MPI nodes: [831 ... 831]

STEP = 13 TIME = 0.04210369542 DT = 0.004268743917

...estimated hydro-limited timestep at level 0: 0.0132655385
PeleC::estTimeStep (hydro-limited) at level 0:  estdt = 0.0132655385
...estimated hydro-limited timestep at level 1: 0.006403878993
PeleC::estTimeStep (hydro-limited) at level 1:  estdt = 0.006403878993
...estimated hydro-limited timestep at level 2: 0.003190765854
PeleC::estTimeStep (hydro-limited) at level 2:  estdt = 0.003190765854
PeleC::compute_new_dt : limiting dt at level 0
 ... new dt computed: 0.0132655385
 ... but limiting to: 0.004482181113 = 1.05 * 0.004268743917
PeleC::compute_new_dt : limiting dt at level 1
 ... new dt computed: 0.006403878993
 ... but limiting to: 0.002241090556 = 1.05 * 0.002134371958
PeleC::compute_new_dt : limiting dt at level 2
 ... new dt computed: 0.003190765854
 ... but limiting to: 0.001120545278 = 1.05 * 0.001067185979
Now regridding at level lbase = 1
grid_places() time: 0.000389046 new finest: 2
TIME = 0.04210369542 : REGRID  with lbase = 1
  Level 2   2 grids  1024 cells  25 % of domain
            smallest grid: 32 x 16  biggest grid: 32 x 16

[Level 0 step 14] ADVANCE with dt = 0.004482181113
... Computing hydro advance
[Level 0 step 14] Advanced 256 cells
[Level 1 step 27] ADVANCE with dt = 0.002241090556
... Computing hydro advance
[Level 1 step 27] Advanced 512 cells
[Level 2 step 53] ADVANCE with dt = 0.001120545278
... Computing hydro advance
[Level 2 step 53] Advanced 1024 cells
[Level 2 step 54] ADVANCE with dt = 0.001120545278
... Computing hydro advance
[Level 2 step 54] Advanced 1024 cells
PeleC::reflux() at level 1 : time = 3.031400411e-05
[Level 1 step 28] ADVANCE with dt = 0.002241090556
... Computing hydro advance
[Level 1 step 28] Advanced 512 cells
[Level 2 step 55] ADVANCE with dt = 0.001120545278
... Computing hydro advance
[Level 2 step 55] Advanced 1024 cells
[Level 2 step 56] ADVANCE with dt = 0.001120545278
... Computing hydro advance
[Level 2 step 56] Advanced 1024 cells
PeleC::reflux() at level 1 : time = 2.416699863e-05
PeleC::reflux() at level 0 : time = 4.36299888e-06

TIME= 0.04658587653 MASS        = 0.140625
TIME= 0.04658587653 XMOM        = 0.01048182222
TIME= 0.04658587653 YMOM        = 0
TIME= 0.04658587653 ZMOM        = 0
TIME= 0.04658587653 RHO*e       = 0.3396939521
TIME= 0.04658587653 RHO*K       = 0.004056047881
TIME= 0.04658587653 RHO*E       = 0.34375
TIME= 0.04658587653 ENSTROPHY   = 0
TIME= 0.04658587653 FUEL PROD   = 0
TIME= 0.04658587653 TEMP        = 2.711265756e-09

[STEP 14] Coarse TimeStep time: 0.009354237
[STEP 14] FAB kilobyte spread across MPI nodes: [831 ... 831]

STEP = 14 TIME = 0.04658587653 DT = 0.004482181113

...estimated hydro-limited timestep at level 0: 0.01350355762
PeleC::estTimeStep (hydro-limited) at level 0:  estdt = 0.01350355762
...estimated hydro-limited timestep at level 1: 0.006467841353
PeleC::estTimeStep (hydro-limited) at level 1:  estdt = 0.006467841353
...estimated hydro-limited timestep at level 2: 0.003188404581
PeleC::estTimeStep (hydro-limited) at level 2:  estdt = 0.003188404581
PeleC::compute_new_dt : limiting dt at level 0
 ... new dt computed: 0.01350355762
 ... but limiting to: 0.004706290168 = 1.05 * 0.004482181113
PeleC::compute_new_dt : limiting dt at level 1
 ... new dt computed: 0.006467841353
 ... but limiting to: 0.002353145084 = 1.05 * 0.002241090556
PeleC::compute_new_dt : limiting dt at level 2
 ... new dt computed: 0.003188404581
 ... but limiting to: 0.001176572542 = 1.05 * 0.001120545278
Now regridding at level lbase = 0
grid_places() time: 0.000562478 new finest: 2
STEP = 14 TIME = 0.04658587653 : REGRID  with lbase = 0
  Level 1   2 grids  640 cells  62.5 % of domain
            smallest grid: 16 x 16  biggest grid: 24 x 16
  Level 2   2 grids  1280 cells  31.25 % of domain
            smallest grid: 16 x 32  biggest grid: 24 x 32

[Level 0 step 15] ADVANCE with dt = 0.004706290168
... Computing hydro advance
[Level 0 step 15] Advanced 256 cells
[Level 1 step 29] ADVANCE with dt = 0.002353145084
... Computing hydro advance
[Level 1 step 29] Advanced 640 cells
[Level 2 step 57] ADVANCE with dt = 0.001176572542
... Computing hydro advance
[Level 2 step 57] Advanced 1280 cells
[Level 2 step 58] ADVANCE with dt = 0.001176572542
... Computing hydro advance
[Level 2 step 58] Advanced 1280 cells
PeleC::reflux() at level 1 : time = 6.018300337e-05
[Level 1 step 30] ADVANCE with dt = 0.002353145084
... Computing hydro advance
[Level 1 step 30] Advanced 640 cells
[Level 2 step 59] ADVANCE with dt = 0.001176572542
... Computing hydro advance
[Level 2 step 59] Advanced 1280 cells
[Level 2 step 60] ADVANCE with dt = 0.001176572542
... Computing hydro advance
[Level 2 step 60] Advanced 1280 cells
PeleC::reflux() at level 1 : time = 5.473799683e-05
PeleC::reflux() at level 0 : time = 2.011600009e-05

TIME= 0.0512921667 MASS        = 0.140625
TIME= 0.0512921667 XMOM        = 0.01154073751
TIME= 0.0512921667 YMOM        = 0
TIME= 0.0512921667 ZMOM        = 0
TIME= 0.0512921667 RHO*e       = 0.3392666434
TIME= 0.0512921667 RHO*K       = 0.004483356627
TIME= 0.0512921667 RHO*E       = 0.34375
TIME= 0.0512921667 ENSTROPHY   = 0
TIME= 0.0512921667 FUEL PROD   = 0
TIME= 0.0512921667 TEMP        = 2.711470123e-09

[STEP 15] Coarse TimeStep time: 0.012606629
[STEP 15] FAB kilobyte spread across MPI nodes: [886 ... 1017]

STEP = 15 TIME = 0.0512921667 DT = 0.004706290168

...estimated hydro-limited timestep at level 0: 0.0133831494
PeleC::estTimeStep (hydro-limited) at level 0:  estdt = 0.0133831494
...estimated hydro-limited timestep at level 1: 0.00638055627
PeleC::estTimeStep (hydro-limited) at level 1:  estdt = 0.00638055627
...estimated hydro-limited timestep at level 2: 0.003188937881
PeleC::estTimeStep (hydro-limited) at level 2:  estdt = 0.003188937881
PeleC::compute_new_dt : limiting dt at level 0
 ... new dt computed: 0.0133831494
 ... but limiting to: 0.004941604677 = 1.05 * 0.004706290168
PeleC::compute_new_dt : limiting dt at level 1
 ... new dt computed: 0.00638055627
 ... but limiting to: 0.002470802338 = 1.05 * 0.002353145084
PeleC::compute_new_dt : limiting dt at level 2
 ... new dt computed: 0.003188937881
 ... but limiting to: 0.001235401169 = 1.05 * 0.001176572542
Now regridding at level lbase = 1
grid_places() time: 0.000451247 new finest: 2
TIME = 0.0512921667 : REGRID  with lbase = 1
  Level 2   2 grids  1280 cells  31.25 % of domain
            smallest grid: 16 x 32  biggest grid: 24 x 32

[Level 0 step 16] ADVANCE with dt = 0.004941604677
... Computing hydro advance
[Level 0 step 16] Advanced 256 cells
[Level 1 step 31] ADVANCE with dt = 0.002470802338
... Computing hydro advance
[Level 1 step 31] Advanced 640 cells
[Level 2 step 61] ADVANCE with dt = 0.001235401169
... Computing hydro advance
[Level 2 step 61] Advanced 1280 cells
[Level 2 step 62] ADVANCE with dt = 0.001235401169
... Computing hydro advance
[Level 2 step 62] Advanced 1280 cells
PeleC::reflux() at level 1 : time = 5.802600208e-05
[Level 1 step 32] ADVANCE with dt = 0.002470802338
... Computing hydro advance
[Level 1 step 32] Advanced 640 cells
[Level 2 step 63] ADVANCE with dt = 0.001235401169
... Computing hydro advance
[Level 2 step 63] Advanced 1280 cells
[Level 2 step 64] ADVANCE with dt = 0.001235401169
... Computing hydro advance
[Level 2 step 64] Advanced 1280 cells
PeleC::reflux() at level 1 : time = 5.476299702e-05
PeleC::reflux() at level 0 : time = 1.759199949e-05

TIME= 0.05623377138 MASS        = 0.140625
TIME= 0.05623377138 XMOM        = 0.01265259856
TIME= 0.05623377138 YMOM        = 0
TIME= 0.05623377138 ZMOM        = 0
TIME= 0.05623377138 RHO*e       = 0.3388182617
TIME= 0.05623377138 RHO*K       = 0.004931738346
TIME= 0.05623377138 RHO*E       = 0.34375
TIME= 0.05623377138 ENSTROPHY   = 0
TIME= 0.05623377138 FUEL PROD   = 0
TIME= 0.05623377138 TEMP        = 2.711712092e-09

[STEP 16] Coarse TimeStep time: 0.012086391
[STEP 16] FAB kilobyte spread across MPI nodes: [907 ... 1021]

STEP = 16 TIME = 0.05623377138 DT = 0.004941604677

...estimated hydro-limited timestep at level 0: 0.01286622225
PeleC::estTimeStep (hydro-limited) at level 0:  estdt = 0.01286622225
...estimated hydro-limited timestep at level 1: 0.006399543542
PeleC::estTimeStep (hydro-limited) at level 1:  estdt = 0.006399543542
...estimated hydro-limited timestep at level 2: 0.003189217356
PeleC::estTimeStep (hydro-limited) at level 2:  estdt = 0.003189217356
PeleC::compute_new_dt : limiting dt at level 0
 ... new dt computed: 0.01286622225
 ... but limiting to: 0.00518868491 = 1.05 * 0.004941604677
PeleC::compute_new_dt : limiting dt at level 1
 ... new dt computed: 0.006399543542
 ... but limiting to: 0.002594342455 = 1.05 * 0.002470802338
PeleC::compute_new_dt : limiting dt at level 2
 ... new dt computed: 0.003189217356
 ... but limiting to: 0.001297171228 = 1.05 * 0.001235401169
Now regridding at level lbase = 0
grid_places() time: 0.000602407 new finest: 2
STEP = 16 TIME = 0.05623377138 : REGRID  with lbase = 0
  Level 1   2 grids  640 cells  62.5 % of domain
            smallest grid: 16 x 16  biggest grid: 24 x 16
  Level 2   2 grids  1280 cells  31.25 % of domain
            smallest grid: 16 x 32  biggest grid: 24 x 32

[Level 0 step 17] ADVANCE with dt = 0.00518868491
... Computing hydro advance
[Level 0 step 17] Advanced 256 cells
[Level 1 step 33] ADVANCE with dt = 0.002594342455
... Computing hydro advance
[Level 1 step 33] Advanced 640 cells
[Level 2 step 65] ADVANCE with dt = 0.001297171228
... Computing hydro advance
[Level 2 step 65] Advanced 1280 cells
[Level 2 step 66] ADVANCE with dt = 0.001297171228
... Computing hydro advance
[Level 2 step 66] Advanced 1280 cells
PeleC::reflux() at level 1 : time = 6.06179965e-05
[Level 1 step 34] ADVANCE with dt = 0.002594342455
... Computing hydro advance
[Level 1 step 34] Advanced 640 cells
[Level 2 step 67] ADVANCE with dt = 0.001297171228
... Computing hydro advance
[Level 2 step 67] Advanced 1280 cells
[Level 2 step 68] ADVANCE with dt = 0.001297171228
... Computing hydro advance
[Level 2 step 68] Advanced 1280 cells
PeleC::reflux() at level 1 : time = 5.626199709e-05
PeleC::reflux() at level 0 : time = 2.82760011e-05

TIME= 0.06142245629 MASS        = 0.140625
TIME= 0.06142245629 XMOM        = 0.01382005267
TIME= 0.06142245629 YMOM        = 0
TIME= 0.06142245629 ZMOM        = 0
TIME= 0.06142245629 RHO*e       = 0.3383463619
TIME= 0.06142245629 RHO*K       = 0.005403638137
TIME= 0.06142245629 RHO*E       = 0.34375
TIME= 0.06142245629 ENSTROPHY   = 0
TIME= 0.06142245629 FUEL PROD   = 0
TIME= 0.06142245629 TEMP        = 2.711873113e-09

[STEP 17] Coarse TimeStep time: 0.012392215
[STEP 17] FAB kilobyte spread across MPI nodes: [907 ... 1021]

STEP = 17 TIME = 0.06142245629 DT = 0.00518868491

...estimated hydro-limited timestep at level 0: 0.01283631261
PeleC::estTimeStep (hydro-limited) at level 0:  estdt = 0.01283631261
...estimated hydro-limited timestep at level 1: 0.006380406805
PeleC::estTimeStep (hydro-limited) at level 1:  estdt = 0.006380406805
...estimated hydro-limited timestep at level 2: 0.003190157367
PeleC::estTimeStep (hydro-limited) at level 2:  estdt = 0.003190157367
PeleC::compute_new_dt : limiting dt at level 0
 ... new dt computed: 0.01283631261
 ... but limiting to: 0.005448119156 = 1.05 * 0.00518868491
PeleC::compute_new_dt : limiting dt at level 1
 ... new dt computed: 0.006380406805
 ... but limiting to: 0.002724059578 = 1.05 * 0.002594342455
PeleC::compute_new_dt : limiting dt at level 2
 ... new dt computed: 0.003190157367
 ... but limiting to: 0.001362029789 = 1.05 * 0.001297171228
Now regridding at level lbase = 1
grid_places() time: 0.000447203 new finest: 2
TIME = 0.06142245629 : REGRID  with lbase = 1
  Level 2   2 grids  1280 cells  31.25 % of domain
            smallest grid: 16 x 32  biggest grid: 24 x 32

[Level 0 step 18] ADVANCE with dt = 0.005448119156
... Computing hydro advance
[Level 0 step 18] Advanced 256 cells
[Level 1 step 35] ADVANCE with dt = 0.002724059578
... Computing hydro advance
[Level 1 step 35] Advanced 640 cells
[Level 2 step 69] ADVANCE with dt = 0.001362029789
... Computing hydro advance
[Level 2 step 69] Advanced 1280 cells
[Level 2 step 70] ADVANCE with dt = 0.001362029789
... Computing hydro advance
[Level 2 step 70] Advanced 1280 cells
PeleC::reflux() at level 1 : time = 6.105899956e-05
[Level 1 step 36] ADVANCE with dt = 0.002724059578
... Computing hydro advance
[Level 1 step 36] Advanced 640 cells
[Level 2 step 71] ADVANCE with dt = 0.001362029789
... Computing hydro advance
[Level 2 step 71] Advanced 1280 cells
[Level 2 step 72] ADVANCE with dt = 0.001362029789
... Computing hydro advance
[Level 2 step 72] Advanced 1280 cells
PeleC::reflux() at level 1 : time = 5.847799912e-05
PeleC::reflux() at level 0 : time = 1.82809963e-05

TIME= 0.06687057545 MASS        = 0.140625
TIME= 0.06687057545 XMOM        = 0.01504587948
TIME= 0.06687057545 YMOM        = 0
TIME= 0.06687057545 ZMOM        = 0
TIME= 0.06687057545 RHO*e       = 0.3378488453
TIME= 0.06687057545 RHO*K       = 0.005901154657
TIME= 0.06687057545 RHO*E       = 0.34375
TIME= 0.06687057545 ENSTROPHY   = 0
TIME= 0.06687057545 FUEL PROD   = 0
TIME= 0.06687057545 TEMP        = 2.711938958e-09

[STEP 18] Coarse TimeStep time: 0.012093374
[STEP 18] FAB kilobyte spread across MPI nodes: [907 ... 1021]

STEP = 18 TIME = 0.06687057545 DT = 0.005448119156

...estimated hydro-limited timestep at level 0: 0.01296510998
PeleC::estTimeStep (hydro-limited) at level 0:  estdt = 0.01296510998
...estimated hydro-limited timestep at level 1: 0.006387827314
PeleC::estTimeStep (hydro-limited) at level 1:  estdt = 0.006387827314
...estimated hydro-limited timestep at level 2: 0.003189818414
PeleC::estTimeStep (hydro-limited) at level 2:  estdt = 0.003189818414
PeleC::compute_new_dt : limiting dt at level 0
 ... new dt computed: 0.01296510998
 ... but limiting to: 0.005720525114 = 1.05 * 0.005448119156
PeleC::compute_new_dt : limiting dt at level 1
 ... new dt computed: 0.006387827314
 ... but limiting to: 0.002860262557 = 1.05 * 0.002724059578
PeleC::compute_new_dt : limiting dt at level 2
 ... new dt computed: 0.003189818414
 ... but limiting to: 0.001430131278 = 1.05 * 0.001362029789
Now regridding at level lbase = 0
grid_places() time: 0.000613959 new finest: 2
STEP = 18 TIME = 0.06687057545 : REGRID  with lbase = 0
  Level 1   2 grids  768 cells  75 % of domain
            smallest grid: 16 x 16  biggest grid: 32 x 16
  Level 2   2 grids  1536 cells  37.5 % of domain
            smallest grid: 16 x 32  biggest grid: 32 x 32

[Level 0 step 19] ADVANCE with dt = 0.005720525114
... Computing hydro advance
[Level 0 step 19] Advanced 256 cells
[Level 1 step 37] ADVANCE with dt = 0.002860262557
... Computing hydro advance
[Level 1 step 37] Advanced 768 cells
[Level 2 step 73] ADVANCE with dt = 0.001430131278
... Computing hydro advance
[Level 2 step 73] Advanced 1536 cells
[Level 2 step 74] ADVANCE with dt = 0.001430131278
... Computing hydro advance
[Level 2 step 74] Advanced 1536 cells
PeleC::reflux() at level 1 : time = 0.0001088189965
[Level 1 step 38] ADVANCE with dt = 0.002860262557
... Computing hydro advance
[Level 1 step 38] Advanced 768 cells
[Level 2 step 75] ADVANCE with dt = 0.001430131278
... Computing hydro advance
[Level 2 step 75] Advanced 1536 cells
[Level 2 step 76] ADVANCE with dt = 0.001430131278
... Computing hydro advance
[Level 2 step 76] Advanced 1536 cells
PeleC::reflux() at level 1 : time = 0.0001055600005
PeleC::reflux() at level 0 : time = 3.138900502e-05

TIME= 0.07259110056 MASS        = 0.140625
TIME= 0.07259110056 XMOM        = 0.01633299763
TIME= 0.07259110056 YMOM        = 0
TIME= 0.07259110056 ZMOM        = 0
TIME= 0.07259110056 RHO*e       = 0.3373262822
TIME= 0.07259110056 RHO*K       = 0.006423717847
TIME= 0.07259110056 RHO*E       = 0.34375
TIME= 0.07259110056 ENSTROPHY   = 0
TIME= 0.07259110056 FUEL PROD   = 0
TIME= 0.07259110056 TEMP        = 2.711995599e-09

[STEP 19] Coarse TimeStep time: 0.015542029
[STEP 19] FAB kilobyte spread across MPI nodes: [977 ... 1215]

STEP = 19 TIME = 0.07259110056 DT = 0.005720525114

...estimated hydro-limited timestep at level 0: 0.01293380687
PeleC::estTimeStep (hydro-limited) at level 0:  estdt = 0.01293380687
...estimated hydro-limited timestep at level 1: 0.006382446081
PeleC::estTimeStep (hydro-limited) at level 1:  estdt = 0.006382446081
...estimated hydro-limited timestep at level 2: 0.003190872701
PeleC::estTimeStep (hydro-limited) at level 2:  estdt = 0.003190872701
PeleC::compute_new_dt : limiting dt at level 0
 ... new dt computed: 0.01293380687
 ... but limiting to: 0.006006551369 = 1.05 * 0.005720525114
PeleC::compute_new_dt : limiting dt at level 1
 ... new dt computed: 0.006382446081
 ... but limiting to: 0.003003275685 = 1.05 * 0.002860262557
PeleC::compute_new_dt : limiting dt at level 2
 ... new dt computed: 0.003190872701
 ... but limiting to: 0.001501637842 = 1.05 * 0.001430131278
Now regridding at level lbase = 1
grid_places() time: 0.000479405 new finest: 2
TIME = 0.07259110056 : REGRID  with lbase = 1
  Level 2   2 grids  1536 cells  37.5 % of domain
            smallest grid: 16 x 32  biggest grid: 32 x 32

[Level 0 step 20] ADVANCE with dt = 0.006006551369
... Computing hydro advance
[Level 0 step 20] Advanced 256 cells
[Level 1 step 39] ADVANCE with dt = 0.003003275685
... Computing hydro advance
[Level 1 step 39] Advanced 768 cells
[Level 2 step 77] ADVANCE with dt = 0.001501637842
... Computing hydro advance
[Level 2 step 77] Advanced 1536 cells
[Level 2 step 78] ADVANCE with dt = 0.001501637842
... Computing hydro advance
[Level 2 step 78] Advanced 1536 cells
PeleC::reflux() at level 1 : time = 0.0001100820009
[Level 1 step 40] ADVANCE with dt = 0.003003275685
... Computing hydro advance
[Level 1 step 40] Advanced 768 cells
[Level 2 step 79] ADVANCE with dt = 0.001501637842
... Computing hydro advance
[Level 2 step 79] Advanced 1536 cells
[Level 2 step 80] ADVANCE with dt = 0.001501637842
... Computing hydro advance
[Level 2 step 80] Advanced 1536 cells
PeleC::reflux() at level 1 : time = 0.0001063970049
PeleC::reflux() at level 0 : time = 2.781499643e-05

TIME= 0.07859765193 MASS        = 0.140625
TIME= 0.07859765193 XMOM        = 0.01768447168
TIME= 0.07859765193 YMOM        = 0
TIME= 0.07859765193 ZMOM        = 0
TIME= 0.07859765193 RHO*e       = 0.3367853862
TIME= 0.07859765193 RHO*K       = 0.006964613832
TIME= 0.07859765193 RHO*E       = 0.34375
TIME= 0.07859765193 ENSTROPHY   = 0
TIME= 0.07859765193 FUEL PROD   = 0
TIME= 0.07859765193 TEMP        = 2.712598934e-09

[STEP 20] Coarse TimeStep time: 0.014934586
[STEP 20] FAB kilobyte spread across MPI nodes: [984 ... 1215]

STEP = 20 TIME = 0.07859765193 DT = 0.006006551369

...estimated hydro-limited timestep at level 0: 0.01278039231
PeleC::estTimeStep (hydro-limited) at level 0:  estdt = 0.01278039231
...estimated hydro-limited timestep at level 1: 0.006389874125
PeleC::estTimeStep (hydro-limited) at level 1:  estdt = 0.006389874125
...estimated hydro-limited timestep at level 2: 0.00319221946
PeleC::estTimeStep (hydro-limited) at level 2:  estdt = 0.00319221946
PeleC::compute_new_dt : limiting dt at level 0
 ... new dt computed: 0.01278039231
 ... but limiting to: 0.006306878938 = 1.05 * 0.006006551369
PeleC::compute_new_dt : limiting dt at level 1
 ... new dt computed: 0.006389874125
 ... but limiting to: 0.003153439469 = 1.05 * 0.003003275685
PeleC::compute_new_dt : limiting dt at level 2
 ... new dt computed: 0.00319221946
 ... but limiting to: 0.001576719734 = 1.05 * 0.001501637842
Now regridding at level lbase = 0
grid_places() time: 0.00066079 new finest: 2
STEP = 20 TIME = 0.07859765193 : REGRID  with lbase = 0
  Level 1   2 grids  768 cells  75 % of domain
            smallest grid: 16 x 16  biggest grid: 32 x 16
  Level 2   2 grids  1792 cells  43.75 % of domain
            smallest grid: 24 x 32  biggest grid: 32 x 32

[Level 0 step 21] ADVANCE with dt = 0.006306878938
... Computing hydro advance
[Level 0 step 21] Advanced 256 cells
[Level 1 step 41] ADVANCE with dt = 0.003153439469
... Computing hydro advance
[Level 1 step 41] Advanced 768 cells
[Level 2 step 81] ADVANCE with dt = 0.001576719734
... Computing hydro advance
[Level 2 step 81] Advanced 1792 cells
[Level 2 step 82] ADVANCE with dt = 0.001576719734
... Computing hydro advance
[Level 2 step 82] Advanced 1792 cells
PeleC::reflux() at level 1 : time = 2.172899985e-05
[Level 1 step 42] ADVANCE with dt = 0.003153439469
... Computing hydro advance
[Level 1 step 42] Advanced 768 cells
[Level 2 step 83] ADVANCE with dt = 0.001576719734
... Computing hydro advance
[Level 2 step 83] Advanced 1792 cells
[Level 2 step 84] ADVANCE with dt = 0.001576719734
... Computing hydro advance
[Level 2 step 84] Advanced 1792 cells
PeleC::reflux() at level 1 : time = 8.112001524e-06
PeleC::reflux() at level 0 : time = 3.77719989e-05

TIME= 0.08490453087 MASS        = 0.140625
TIME= 0.08490453087 XMOM        = 0.01910351944
TIME= 0.08490453087 YMOM        = 0
TIME= 0.08490453087 ZMOM        = 0
TIME= 0.08490453087 RHO*e       = 0.3362089791
TIME= 0.08490453087 RHO*K       = 0.007541020859
TIME= 0.08490453087 RHO*E       = 0.34375
TIME= 0.08490453087 ENSTROPHY   = 0
TIME= 0.08490453087 FUEL PROD   = 0
TIME= 0.08490453087 TEMP        = 2.712621304e-09

[STEP 21] Coarse TimeStep time: 0.015534994
[STEP 21] FAB kilobyte spread across MPI nodes: [1215 ... 1350]

STEP = 21 TIME = 0.08490453087 DT = 0.006306878938

...estimated hydro-limited timestep at level 0: 0.01279240972
PeleC::estTimeStep (hydro-limited) at level 0:  estdt = 0.01279240972
...estimated hydro-limited timestep at level 1: 0.006390056568
PeleC::estTimeStep (hydro-limited) at level 1:  estdt = 0.006390056568
...estimated hydro-limited timestep at level 2: 0.003194910028
PeleC::estTimeStep (hydro-limited) at level 2:  estdt = 0.003194910028
PeleC::compute_new_dt : limiting dt at level 0
 ... new dt computed: 0.01279240972
 ... but limiting to: 0.006622222885 = 1.05 * 0.006306878938
PeleC::compute_new_dt : limiting dt at level 1
 ... new dt computed: 0.006390056568
 ... but limiting to: 0.003311111442 = 1.05 * 0.003153439469
PeleC::compute_new_dt : limiting dt at level 2
 ... new dt computed: 0.003194910028
 ... but limiting to: 0.001655555721 = 1.05 * 0.001576719734
Now regridding at level lbase = 1
grid_places() time: 0.000486492 new finest: 2
TIME = 0.08490453087 : REGRID  with lbase = 1
  Level 2   2 grids  1792 cells  43.75 % of domain
            smallest grid: 24 x 32  biggest grid: 32 x 32

[Level 0 step 22] ADVANCE with dt = 0.006622222885
... Computing hydro advance
[Level 0 step 22] Advanced 256 cells
[Level 1 step 43] ADVANCE with dt = 0.003311111442
... Computing hydro advance
[Level 1 step 43] Advanced 768 cells
[Level 2 step 85] ADVANCE with dt = 0.001655555721
... Computing hydro advance
[Level 2 step 85] Advanced 1792 cells
[Level 2 step 86] ADVANCE with dt = 0.001655555721
... Computing hydro advance
[Level 2 step 86] Advanced 1792 cells
PeleC::reflux() at level 1 : time = 2.486300218e-05
[Level 1 step 44] ADVANCE with dt = 0.003311111442
... Computing hydro advance
[Level 1 step 44] Advanced 768 cells
[Level 2 step 87] ADVANCE with dt = 0.001655555721
... Computing hydro advance
[Level 2 step 87] Advanced 1792 cells
[Level 2 step 88] ADVANCE with dt = 0.001655555721
... Computing hydro advance
[Level 2 step 88] Advanced 1792 cells
PeleC::reflux() at level 1 : time = 8.140996215e-06
PeleC::reflux() at level 0 : time = 3.262399696e-05

TIME= 0.09152675375 MASS        = 0.140625
TIME= 0.09152675375 XMOM        = 0.02059351959
TIME= 0.09152675375 YMOM        = 0
TIME= 0.09152675375 ZMOM        = 0
TIME= 0.09152675375 RHO*e       = 0.3356086845
TIME= 0.09152675375 RHO*K       = 0.008141315499
TIME= 0.09152675375 RHO*E       = 0.34375
TIME= 0.09152675375 ENSTROPHY   = 0
TIME= 0.09152675375 FUEL PROD   = 0
TIME= 0.09152675375 TEMP        = 2.713007826e-09

[STEP 22] Coarse TimeStep time: 0.015247877
[STEP 22] FAB kilobyte spread across MPI nodes: [1215 ... 1365]

STEP = 22 TIME = 0.09152675375 DT = 0.006622222885

...estimated hydro-limited timestep at level 0: 0.01283331795
PeleC::estTimeStep (hydro-limited) at level 0:  estdt = 0.01283331795
...estimated hydro-limited timestep at level 1: 0.006395071895
PeleC::estTimeStep (hydro-limited) at level 1:  estdt = 0.006395071895
...estimated hydro-limited timestep at level 2: 0.003196693345
PeleC::estTimeStep (hydro-limited) at level 2:  estdt = 0.003196693345
PeleC::compute_new_dt : limiting dt at level 0
 ... new dt computed: 0.01283331795
 ... but limiting to: 0.006953334029 = 1.05 * 0.006622222885
PeleC::compute_new_dt : limiting dt at level 1
 ... new dt computed: 0.006395071895
 ... but limiting to: 0.003476667014 = 1.05 * 0.003311111442
PeleC::compute_new_dt : limiting dt at level 2
 ... new dt computed: 0.003196693345
 ... but limiting to: 0.001738333507 = 1.05 * 0.001655555721
Now regridding at level lbase = 0
grid_places() time: 0.000644372 new finest: 2
STEP = 22 TIME = 0.09152675375 : REGRID  with lbase = 0
  Level 1   2 grids  768 cells  75 % of domain
            smallest grid: 16 x 16  biggest grid: 32 x 16
  Level 2   2 grids  1792 cells  43.75 % of domain
            smallest grid: 24 x 32  biggest grid: 32 x 32

[Level 0 step 23] ADVANCE with dt = 0.006953334029
... Computing hydro advance
[Level 0 step 23] Advanced 256 cells
[Level 1 step 45] ADVANCE with dt = 0.003476667014
... Computing hydro advance
[Level 1 step 45] Advanced 768 cells
[Level 2 step 89] ADVANCE with dt = 0.001738333507
... Computing hydro advance
[Level 2 step 89] Advanced 1792 cells
[Level 2 step 90] ADVANCE with dt = 0.001738333507
... Computing hydro advance
[Level 2 step 90] Advanced 1792 cells
PeleC::reflux() at level 1 : time = 2.126899926e-05
[Level 1 step 46] ADVANCE with dt = 0.003476667014
... Computing hydro advance
[Level 1 step 46] Advanced 768 cells
[Level 2 step 91] ADVANCE with dt = 0.001738333507
... Computing hydro advance
[Level 2 step 91] Advanced 1792 cells
[Level 2 step 92] ADVANCE with dt = 0.001738333507
... Computing hydro advance
[Level 2 step 92] Advanced 1792 cells
PeleC::reflux() at level 1 : time = 8.422000974e-06
PeleC::reflux() at level 0 : time = 4.062399967e-05

TIME= 0.09848008778 MASS        = 0.140625
TIME= 0.09848008778 XMOM        = 0.02215801975
TIME= 0.09848008778 YMOM        = 0
TIME= 0.09848008778 ZMOM        = 0
TIME= 0.09848008778 RHO*e       = 0.3349749523
TIME= 0.09848008778 RHO*K       = 0.008775047663
TIME= 0.09848008778 RHO*E       = 0.34375
TIME= 0.09848008778 ENSTROPHY   = 0
TIME= 0.09848008778 FUEL PROD   = 0
TIME= 0.09848008778 TEMP        = 2.71314802e-09

[STEP 23] Coarse TimeStep time: 0.015378001
[STEP 23] FAB kilobyte spread across MPI nodes: [1215 ... 1365]

STEP = 23 TIME = 0.09848008778 DT = 0.006953334029

...estimated hydro-limited timestep at level 0: 0.01279973641
PeleC::estTimeStep (hydro-limited) at level 0:  estdt = 0.01279973641
...estimated hydro-limited timestep at level 1: 0.006399634671
PeleC::estTimeStep (hydro-limited) at level 1:  estdt = 0.006399634671
...estimated hydro-limited timestep at level 2: 0.003199582808
PeleC::estTimeStep (hydro-limited) at level 2:  estdt = 0.003199582808
PeleC::compute_new_dt : limiting dt at level 0
 ... new dt computed: 0.01279973641
 ... but limiting to: 0.00730100073 = 1.05 * 0.006953334029
PeleC::compute_new_dt : limiting dt at level 1
 ... new dt computed: 0.006399634671
 ... but limiting to: 0.003650500365 = 1.05 * 0.003476667014
PeleC::compute_new_dt : limiting dt at level 2
 ... new dt computed: 0.003199582808
 ... but limiting to: 0.001825250183 = 1.05 * 0.001738333507
Now regridding at level lbase = 1
grid_places() time: 0.000479217 new finest: 2
TIME = 0.09848008778 : REGRID  with lbase = 1
  Level 2   2 grids  1792 cells  43.75 % of domain
            smallest grid: 24 x 32  biggest grid: 32 x 32

[Level 0 step 24] ADVANCE with dt = 0.00730100073
... Computing hydro advance
[Level 0 step 24] Advanced 256 cells
[Level 1 step 47] ADVANCE with dt = 0.003650500365
... Computing hydro advance
[Level 1 step 47] Advanced 768 cells
[Level 2 step 93] ADVANCE with dt = 0.001825250183
... Computing hydro advance
[Level 2 step 93] Advanced 1792 cells
[Level 2 step 94] ADVANCE with dt = 0.001825250183
... Computing hydro advance
[Level 2 step 94] Advanced 1792 cells
PeleC::reflux() at level 1 : time = 2.207099897e-05
[Level 1 step 48] ADVANCE with dt = 0.003650500365
... Computing hydro advance
[Level 1 step 48] Advanced 768 cells
[Level 2 step 95] ADVANCE with dt = 0.001825250183
... Computing hydro advance
[Level 2 step 95] Advanced 1792 cells
[Level 2 step 96] ADVANCE with dt = 0.001825250183
... Computing hydro advance
[Level 2 step 96] Advanced 1792 cells
PeleC::reflux() at level 1 : time = 8.091999916e-06
PeleC::reflux() at level 0 : time = 3.398499393e-05

TIME= 0.1057810885 MASS        = 0.140625
TIME= 0.1057810885 XMOM        = 0.02380074491
TIME= 0.1057810885 YMOM        = 0
TIME= 0.1057810885 ZMOM        = 0
TIME= 0.1057810885 RHO*e       = 0.3343148924
TIME= 0.1057810885 RHO*K       = 0.00943510761
TIME= 0.1057810885 RHO*E       = 0.34375
TIME= 0.1057810885 ENSTROPHY   = 0
TIME= 0.1057810885 FUEL PROD   = 0
TIME= 0.1057810885 TEMP        = 2.713696041e-09

[STEP 24] Coarse TimeStep time: 0.01504713
[STEP 24] FAB kilobyte spread across MPI nodes: [1215 ... 1365]

STEP = 24 TIME = 0.1057810885 DT = 0.00730100073

...estimated hydro-limited timestep at level 0: 0.01280649943
PeleC::estTimeStep (hydro-limited) at level 0:  estdt = 0.01280649943
...estimated hydro-limited timestep at level 1: 0.006401854185
PeleC::estTimeStep (hydro-limited) at level 1:  estdt = 0.006401854185
...estimated hydro-limited timestep at level 2: 0.003200876766
PeleC::estTimeStep (hydro-limited) at level 2:  estdt = 0.003200876766
PeleC::compute_new_dt : limiting dt at level 0
 ... new dt computed: 0.01280649943
 ... but limiting to: 0.007666050767 = 1.05 * 0.00730100073
PeleC::compute_new_dt : limiting dt at level 1
 ... new dt computed: 0.006401854185
 ... but limiting to: 0.003833025383 = 1.05 * 0.003650500365
PeleC::compute_new_dt : limiting dt at level 2
 ... new dt computed: 0.003200876766
 ... but limiting to: 0.001916512692 = 1.05 * 0.001825250183
Now regridding at level lbase = 0
grid_places() time: 0.000647381 new finest: 2
STEP = 24 TIME = 0.1057810885 : REGRID  with lbase = 0
  Level 1   2 grids  768 cells  75 % of domain
            smallest grid: 16 x 16  biggest grid: 32 x 16
  Level 2   2 grids  1792 cells  43.75 % of domain
            smallest grid: 24 x 32  biggest grid: 32 x 32

[Level 0 step 25] ADVANCE with dt = 0.007666050767
... Computing hydro advance
[Level 0 step 25] Advanced 256 cells
[Level 1 step 49] ADVANCE with dt = 0.003833025383
... Computing hydro advance
[Level 1 step 49] Advanced 768 cells
[Level 2 step 97] ADVANCE with dt = 0.001916512692
... Computing hydro advance
[Level 2 step 97] Advanced 1792 cells
[Level 2 step 98] ADVANCE with dt = 0.001916512692
... Computing hydro advance
[Level 2 step 98] Advanced 1792 cells
PeleC::reflux() at level 1 : time = 2.161900193e-05
[Level 1 step 50] ADVANCE with dt = 0.003833025383
... Computing hydro advance
[Level 1 step 50] Advanced 768 cells
[Level 2 step 99] ADVANCE with dt = 0.001916512692
... Computing hydro advance
[Level 2 step 99] Advanced 1792 cells
[Level 2 step 100] ADVANCE with dt = 0.001916512692
... Computing hydro advance
[Level 2 step 100] Advanced 1792 cells
PeleC::reflux() at level 1 : time = 8.415001503e-06
PeleC::reflux() at level 0 : time = 3.857000411e-05

TIME= 0.1134471393 MASS        = 0.140625
TIME= 0.1134471393 XMOM        = 0.02552560634
TIME= 0.1134471393 YMOM        = 0
TIME= 0.1134471393 ZMOM        = 0
TIME= 0.1134471393 RHO*e       = 0.333614937
TIME= 0.1134471393 RHO*K       = 0.01013506303
TIME= 0.1134471393 RHO*E       = 0.34375
TIME= 0.1134471393 ENSTROPHY   = 0
TIME= 0.1134471393 FUEL PROD   = 0
TIME= 0.1134471393 TEMP        = 2.713788397e-09

[STEP 25] Coarse TimeStep time: 0.015422119
[STEP 25] FAB kilobyte spread across MPI nodes: [1215 ... 1365]

STEP = 25 TIME = 0.1134471393 DT = 0.007666050767

...estimated hydro-limited timestep at level 0: 0.01280771737
PeleC::estTimeStep (hydro-limited) at level 0:  estdt = 0.01280771737
...estimated hydro-limited timestep at level 1: 0.006402857011
PeleC::estTimeStep (hydro-limited) at level 1:  estdt = 0.006402857011
...estimated hydro-limited timestep at level 2: 0.003201020983
PeleC::estTimeStep (hydro-limited) at level 2:  estdt = 0.003201020983
PeleC::compute_new_dt : limiting dt at level 0
 ... new dt computed: 0.01280771737
 ... but limiting to: 0.008049353305 = 1.05 * 0.007666050767
PeleC::compute_new_dt : limiting dt at level 1
 ... new dt computed: 0.006402857011
 ... but limiting to: 0.004024676653 = 1.05 * 0.003833025383
PeleC::compute_new_dt : limiting dt at level 2
 ... new dt computed: 0.003201020983
 ... but limiting to: 0.002012338326 = 1.05 * 0.001916512692
Now regridding at level lbase = 1
grid_places() time: 0.000477221 new finest: 2
TIME = 0.1134471393 : REGRID  with lbase = 1
  Level 2   2 grids  2048 cells  50 % of domain
            smallest grid: 32 x 32  biggest grid: 32 x 32

[Level 0 step 26] ADVANCE with dt = 0.008049353305
... Computing hydro advance
[Level 0 step 26] Advanced 256 cells
[Level 1 step 51] ADVANCE with dt = 0.004024676653
... Computing hydro advance
[Level 1 step 51] Advanced 768 cells
[Level 2 step 101] ADVANCE with dt = 0.002012338326
... Computing hydro advance
[Level 2 step 101] Advanced 2048 cells
[Level 2 step 102] ADVANCE with dt = 0.002012338326
... Computing hydro advance
[Level 2 step 102] Advanced 2048 cells
PeleC::reflux() at level 1 : time = 1.288200292e-05
[Level 1 step 52] ADVANCE with dt = 0.004024676653
... Computing hydro advance
[Level 1 step 52] Advanced 768 cells
[Level 2 step 103] ADVANCE with dt = 0.002012338326
... Computing hydro advance
[Level 2 step 103] Advanced 2048 cells
[Level 2 step 104] ADVANCE with dt = 0.002012338326
... Computing hydro advance
[Level 2 step 104] Advanced 2048 cells
PeleC::reflux() at level 1 : time = 8.167997294e-06
PeleC::reflux() at level 0 : time = 2.815700282e-05

TIME= 0.1214964926 MASS        = 0.140625
TIME= 0.1214964926 XMOM        = 0.02733671083
TIME= 0.1214964926 YMOM        = 0
TIME= 0.1214964926 ZMOM        = 0
TIME= 0.1214964926 RHO*e       = 0.3328818309
TIME= 0.1214964926 RHO*K       = 0.01086816913
TIME= 0.1214964926 RHO*E       = 0.34375
TIME= 0.1214964926 ENSTROPHY   = 0
TIME= 0.1214964926 FUEL PROD   = 0
TIME= 0.1214964926 TEMP        = 2.71399923e-09

[STEP 26] Coarse TimeStep time: 0.015239775
[STEP 26] FAB kilobyte spread across MPI nodes: [1215 ... 1400]

STEP = 26 TIME = 0.1214964926 DT = 0.008049353305

...estimated hydro-limited timestep at level 0: 0.01281717948
PeleC::estTimeStep (hydro-limited) at level 0:  estdt = 0.01281717948
...estimated hydro-limited timestep at level 1: 0.006402988519
PeleC::estTimeStep (hydro-limited) at level 1:  estdt = 0.006402988519
...estimated hydro-limited timestep at level 2: 0.003201034699
PeleC::estTimeStep (hydro-limited) at level 2:  estdt = 0.003201034699
PeleC::compute_new_dt : limiting dt at level 0
 ... new dt computed: 0.01281717948
 ... but limiting to: 0.008451820971 = 1.05 * 0.008049353305
PeleC::compute_new_dt : limiting dt at level 1
 ... new dt computed: 0.006402988519
 ... but limiting to: 0.004225910485 = 1.05 * 0.004024676653
PeleC::compute_new_dt : limiting dt at level 2
 ... new dt computed: 0.003201034699
 ... but limiting to: 0.002112955243 = 1.05 * 0.002012338326
Now regridding at level lbase = 0
grid_places() time: 0.000659295 new finest: 2
STEP = 26 TIME = 0.1214964926 : REGRID  with lbase = 0
  Level 1   2 grids  896 cells  87.5 % of domain
            smallest grid: 24 x 16  biggest grid: 32 x 16
  Level 2   2 grids  2304 cells  56.25 % of domain
            smallest grid: 32 x 32  biggest grid: 40 x 32

[Level 0 step 27] ADVANCE with dt = 0.008451820971
... Computing hydro advance
[Level 0 step 27] Advanced 256 cells
[Level 1 step 53] ADVANCE with dt = 0.004225910485
... Computing hydro advance
[Level 1 step 53] Advanced 896 cells
[Level 2 step 105] ADVANCE with dt = 0.002112955243
... Computing hydro advance
[Level 2 step 105] Advanced 2304 cells
[Level 2 step 106] ADVANCE with dt = 0.002112955243
... Computing hydro advance
[Level 2 step 106] Advanced 2304 cells
PeleC::reflux() at level 1 : time = 8.919699758e-05
[Level 1 step 54] ADVANCE with dt = 0.004225910485
... Computing hydro advance
[Level 1 step 54] Advanced 896 cells
[Level 2 step 107] ADVANCE with dt = 0.002112955243
... Computing hydro advance
[Level 2 step 107] Advanced 2304 cells
[Level 2 step 108] ADVANCE with dt = 0.002112955243
... Computing hydro advance
[Level 2 step 108] Advanced 2304 cells
PeleC::reflux() at level 1 : time = 7.331000234e-05
PeleC::reflux() at level 0 : time = 8.46599869e-06

TIME= 0.1299483136 MASS        = 0.140625
TIME= 0.1299483136 XMOM        = 0.02923837055
TIME= 0.1299483136 YMOM        = 0
TIME= 0.1299483136 ZMOM        = 0
TIME= 0.1299483136 RHO*e       = 0.3321134538
TIME= 0.1299483136 RHO*K       = 0.01163654618
TIME= 0.1299483136 RHO*E       = 0.34375
TIME= 0.1299483136 ENSTROPHY   = 0
TIME= 0.1299483136 FUEL PROD   = 0
TIME= 0.1299483136 TEMP        = 2.714323689e-09

[STEP 27] Coarse TimeStep time: 0.017681344
[STEP 27] FAB kilobyte spread across MPI nodes: [1349 ... 1481]

STEP = 27 TIME = 0.1299483136 DT = 0.008451820971

...estimated hydro-limited timestep at level 0: 0.01281971751
PeleC::estTimeStep (hydro-limited) at level 0:  estdt = 0.01281971751
...estimated hydro-limited timestep at level 1: 0.006402754936
PeleC::estTimeStep (hydro-limited) at level 1:  estdt = 0.006402754936
...estimated hydro-limited timestep at level 2: 0.003201345355
PeleC::estTimeStep (hydro-limited) at level 2:  estdt = 0.003201345355
PeleC::compute_new_dt : limiting dt at level 0
 ... new dt computed: 0.01281971751
 ... but limiting to: 0.008874412019 = 1.05 * 0.008451820971
PeleC::compute_new_dt : limiting dt at level 1
 ... new dt computed: 0.006402754936
 ... but limiting to: 0.00443720601 = 1.05 * 0.004225910485
PeleC::compute_new_dt : limiting dt at level 2
 ... new dt computed: 0.003201345355
 ... but limiting to: 0.002218603005 = 1.05 * 0.002112955243
Now regridding at level lbase = 1
grid_places() time: 0.000425644 new finest: 2
TIME = 0.1299483136 : REGRID  with lbase = 1
  Level 2   2 grids  2304 cells  56.25 % of domain
            smallest grid: 32 x 32  biggest grid: 40 x 32

[Level 0 step 28] ADVANCE with dt = 0.008874412019
... Computing hydro advance
[Level 0 step 28] Advanced 256 cells
[Level 1 step 55] ADVANCE with dt = 0.00443720601
... Computing hydro advance
[Level 1 step 55] Advanced 896 cells
[Level 2 step 109] ADVANCE with dt = 0.002218603005
... Computing hydro advance
[Level 2 step 109] Advanced 2304 cells
[Level 2 step 110] ADVANCE with dt = 0.002218603005
... Computing hydro advance
[Level 2 step 110] Advanced 2304 cells
PeleC::reflux() at level 1 : time = 9.005700122e-05
[Level 1 step 56] ADVANCE with dt = 0.00443720601
... Computing hydro advance
[Level 1 step 56] Advanced 896 cells
[Level 2 step 111] ADVANCE with dt = 0.002218603005
... Computing hydro advance
[Level 2 step 111] Advanced 2304 cells
[Level 2 step 112] ADVANCE with dt = 0.002218603005
... Computing hydro advance
[Level 2 step 112] Advanced 2304 cells
PeleC::reflux() at level 1 : time = 7.471099525e-05
PeleC::reflux() at level 0 : time = 4.8120055e-06

TIME= 0.1388227256 MASS        = 0.140625
TIME= 0.1388227256 XMOM        = 0.03123511325
TIME= 0.1388227256 YMOM        = 0
TIME= 0.1388227256 ZMOM        = 0
TIME= 0.1388227256 RHO*e       = 0.3313066311
TIME= 0.1388227256 RHO*K       = 0.01244336889
TIME= 0.1388227256 RHO*E       = 0.34375
TIME= 0.1388227256 ENSTROPHY   = 0
TIME= 0.1388227256 FUEL PROD   = 0
TIME= 0.1388227256 TEMP        = 2.714654785e-09

[STEP 28] Coarse TimeStep time: 0.017111535
[STEP 28] FAB kilobyte spread across MPI nodes: [1364 ... 1481]

STEP = 28 TIME = 0.1388227256 DT = 0.008874412019

...estimated hydro-limited timestep at level 0: 0.01281199763
PeleC::estTimeStep (hydro-limited) at level 0:  estdt = 0.01281199763
...estimated hydro-limited timestep at level 1: 0.006402016969
PeleC::estTimeStep (hydro-limited) at level 1:  estdt = 0.006402016969
...estimated hydro-limited timestep at level 2: 0.003200713029
PeleC::estTimeStep (hydro-limited) at level 2:  estdt = 0.003200713029
PeleC::compute_new_dt : limiting dt at level 0
 ... new dt computed: 0.01281199763
 ... but limiting to: 0.00931813262 = 1.05 * 0.008874412019
PeleC::compute_new_dt : limiting dt at level 1
 ... new dt computed: 0.006402016969
 ... but limiting to: 0.00465906631 = 1.05 * 0.00443720601
PeleC::compute_new_dt : limiting dt at level 2
 ... new dt computed: 0.003200713029
 ... but limiting to: 0.002329533155 = 1.05 * 0.002218603005
Now regridding at level lbase = 0
grid_places() time: 0.000592107 new finest: 2
STEP = 28 TIME = 0.1388227256 : REGRID  with lbase = 0
  Level 1   2 grids  896 cells  87.5 % of domain
            smallest grid: 24 x 16  biggest grid: 32 x 16
  Level 2   2 grids  2304 cells  56.25 % of domain
            smallest grid: 32 x 32  biggest grid: 40 x 32

[Level 0 step 29] ADVANCE with dt = 0.00931813262
... Computing hydro advance
[Level 0 step 29] Advanced 256 cells
[Level 1 step 57] ADVANCE with dt = 0.00465906631
... Computing hydro advance
[Level 1 step 57] Advanced 896 cells
[Level 2 step 113] ADVANCE with dt = 0.002329533155
... Computing hydro advance
[Level 2 step 113] Advanced 2304 cells
[Level 2 step 114] ADVANCE with dt = 0.002329533155
... Computing hydro advance
[Level 2 step 114] Advanced 2304 cells
PeleC::reflux() at level 1 : time = 8.909300232e-05
[Level 1 step 58] ADVANCE with dt = 0.00465906631
... Computing hydro advance
[Level 1 step 58] Advanced 896 cells
[Level 2 step 115] ADVANCE with dt = 0.002329533155
... Computing hydro advance
[Level 2 step 115] Advanced 2304 cells
[Level 2 step 116] ADVANCE with dt = 0.002329533155
... Computing hydro advance
[Level 2 step 116] Advanced 2304 cells
PeleC::reflux() at level 1 : time = 8.05699965e-05
PeleC::reflux() at level 0 : time = 7.980001101e-06

TIME= 0.1481408582 MASS        = 0.140625
TIME= 0.1481408582 XMOM        = 0.03333169309
TIME= 0.1481408582 YMOM        = 0
TIME= 0.1481408582 ZMOM        = 0
TIME= 0.1481408582 RHO*e       = 0.3304589309
TIME= 0.1481408582 RHO*K       = 0.01329106911
TIME= 0.1481408582 RHO*E       = 0.34375
TIME= 0.1481408582 ENSTROPHY   = 0
TIME= 0.1481408582 FUEL PROD   = 0
TIME= 0.1481408582 TEMP        = 2.714981105e-09

[STEP 29] Coarse TimeStep time: 0.017237024
[STEP 29] FAB kilobyte spread across MPI nodes: [1364 ... 1481]

STEP = 29 TIME = 0.1481408582 DT = 0.00931813262

...estimated hydro-limited timestep at level 0: 0.01280659845
PeleC::estTimeStep (hydro-limited) at level 0:  estdt = 0.01280659845
...estimated hydro-limited timestep at level 1: 0.006402417987
PeleC::estTimeStep (hydro-limited) at level 1:  estdt = 0.006402417987
...estimated hydro-limited timestep at level 2: 0.003200847355
PeleC::estTimeStep (hydro-limited) at level 2:  estdt = 0.003200847355
PeleC::compute_new_dt : limiting dt at level 0
 ... new dt computed: 0.01280659845
 ... but limiting to: 0.009784039251 = 1.05 * 0.00931813262
PeleC::compute_new_dt : limiting dt at level 1
 ... new dt computed: 0.006402417987
 ... but limiting to: 0.004892019626 = 1.05 * 0.00465906631
PeleC::compute_new_dt : limiting dt at level 2
 ... new dt computed: 0.003200847355
 ... but limiting to: 0.002446009813 = 1.05 * 0.002329533155
Now regridding at level lbase = 1
grid_places() time: 0.000396398 new finest: 2
TIME = 0.1481408582 : REGRID  with lbase = 1
  Level 2   2 grids  2304 cells  56.25 % of domain
            smallest grid: 32 x 32  biggest grid: 40 x 32

[Level 0 step 30] ADVANCE with dt = 0.009784039251
... Computing hydro advance
[Level 0 step 30] Advanced 256 cells
[Level 1 step 59] ADVANCE with dt = 0.004892019626
... Computing hydro advance
[Level 1 step 59] Advanced 896 cells
[Level 2 step 117] ADVANCE with dt = 0.002446009813
... Computing hydro advance
[Level 2 step 117] Advanced 2304 cells
[Level 2 step 118] ADVANCE with dt = 0.002446009813
... Computing hydro advance
[Level 2 step 118] Advanced 2304 cells
PeleC::reflux() at level 1 : time = 8.200699813e-05
[Level 1 step 60] ADVANCE with dt = 0.004892019626
... Computing hydro advance
[Level 1 step 60] Advanced 896 cells
[Level 2 step 119] ADVANCE with dt = 0.002446009813
... Computing hydro advance
[Level 2 step 119] Advanced 2304 cells
[Level 2 step 120] ADVANCE with dt = 0.002446009813
... Computing hydro advance
[Level 2 step 120] Advanced 2304 cells
PeleC::reflux() at level 1 : time = 6.718700024e-05
PeleC::reflux() at level 0 : time = 4.723995517e-06

TIME= 0.1579248974 MASS        = 0.140625
TIME= 0.1579248974 XMOM        = 0.03553310192
TIME= 0.1579248974 YMOM        = 0
TIME= 0.1579248974 ZMOM        = 0
TIME= 0.1579248974 RHO*e       = 0.3295707588
TIME= 0.1579248974 RHO*K       = 0.0141792412
TIME= 0.1579248974 RHO*E       = 0.34375
TIME= 0.1579248974 ENSTROPHY   = 0
TIME= 0.1579248974 FUEL PROD   = 0
TIME= 0.1579248974 TEMP        = 2.715466167e-09

[STEP 30] Coarse TimeStep time: 0.015939569
[STEP 30] FAB kilobyte spread across MPI nodes: [1364 ... 1481]

STEP = 30 TIME = 0.1579248974 DT = 0.009784039251

...estimated hydro-limited timestep at level 0: 0.01282280136
PeleC::estTimeStep (hydro-limited) at level 0:  estdt = 0.01282280136
...estimated hydro-limited timestep at level 1: 0.006402056432
PeleC::estTimeStep (hydro-limited) at level 1:  estdt = 0.006402056432
...estimated hydro-limited timestep at level 2: 0.003200882532
PeleC::estTimeStep (hydro-limited) at level 2:  estdt = 0.003200882532
PeleC::compute_new_dt : limiting dt at level 0
 ... new dt computed: 0.01282280136
 ... but limiting to: 0.01027324121 = 1.05 * 0.009784039251
PeleC::compute_new_dt : limiting dt at level 1
 ... new dt computed: 0.006402056432
 ... but limiting to: 0.005136620607 = 1.05 * 0.004892019626
PeleC::compute_new_dt : limiting dt at level 2
 ... new dt computed: 0.003200882532
 ... but limiting to: 0.002568310303 = 1.05 * 0.002446009813
Now regridding at level lbase = 0
grid_places() time: 0.000600725 new finest: 2
STEP = 30 TIME = 0.1579248974 : REGRID  with lbase = 0
  Level 1   2 grids  896 cells  87.5 % of domain
            smallest grid: 24 x 16  biggest grid: 32 x 16
  Level 2   2 grids  2560 cells  62.5 % of domain
            smallest grid: 32 x 32  biggest grid: 48 x 32

[Level 0 step 31] ADVANCE with dt = 0.01027324121
... Computing hydro advance
[Level 0 step 31] Advanced 256 cells
[Level 1 step 61] ADVANCE with dt = 0.005136620607
... Computing hydro advance
[Level 1 step 61] Advanced 896 cells
[Level 2 step 121] ADVANCE with dt = 0.002568310303
... Computing hydro advance
[Level 2 step 121] Advanced 2560 cells
[Level 2 step 122] ADVANCE with dt = 0.002568310303
... Computing hydro advance
[Level 2 step 122] Advanced 2560 cells
PeleC::reflux() at level 1 : time = 1.271699875e-05
[Level 1 step 62] ADVANCE with dt = 0.005136620607
... Computing hydro advance
[Level 1 step 62] Advanced 896 cells
[Level 2 step 123] ADVANCE with dt = 0.002568310303
... Computing hydro advance
[Level 2 step 123] Advanced 2560 cells
[Level 2 step 124] ADVANCE with dt = 0.002568310303
... Computing hydro advance
[Level 2 step 124] Advanced 2560 cells
PeleC::reflux() at level 1 : time = 7.906004612e-06
PeleC::reflux() at level 0 : time = 7.510003343e-06

TIME= 0.1681981387 MASS        = 0.140625
TIME= 0.1681981387 XMOM        = 0.0378445812
TIME= 0.1681981387 YMOM        = 0
TIME= 0.1681981387 ZMOM        = 0
TIME= 0.1681981387 RHO*e       = 0.3286404655
TIME= 0.1681981387 RHO*K       = 0.01510953452
TIME= 0.1681981387 RHO*E       = 0.34375
TIME= 0.1681981387 ENSTROPHY   = 0
TIME= 0.1681981387 FUEL PROD   = 0
TIME= 0.1681981387 TEMP        = 2.716130736e-09

[STEP 31] Coarse TimeStep time: 0.020028287
[STEP 31] FAB kilobyte spread across MPI nodes: [1481 ... 1745]

STEP = 31 TIME = 0.1681981387 DT = 0.01027324121

...estimated hydro-limited timestep at level 0: 0.01281470092
PeleC::estTimeStep (hydro-limited) at level 0:  estdt = 0.01281470092
...estimated hydro-limited timestep at level 1: 0.006403183855
PeleC::estTimeStep (hydro-limited) at level 1:  estdt = 0.006403183855
...estimated hydro-limited timestep at level 2: 0.003201042774
PeleC::estTimeStep (hydro-limited) at level 2:  estdt = 0.003201042774
PeleC::compute_new_dt : limiting dt at level 0
 ... new dt computed: 0.01281470092
 ... but limiting to: 0.01078690327 = 1.05 * 0.01027324121
PeleC::compute_new_dt : limiting dt at level 1
 ... new dt computed: 0.006403183855
 ... but limiting to: 0.005393451637 = 1.05 * 0.005136620607
PeleC::compute_new_dt : limiting dt at level 2
 ... new dt computed: 0.003201042774
 ... but limiting to: 0.002696725819 = 1.05 * 0.002568310303
Now regridding at level lbase = 1
grid_places() time: 0.000418508 new finest: 2
TIME = 0.1681981387 : REGRID  with lbase = 1
  Level 2   2 grids  2560 cells  62.5 % of domain
            smallest grid: 32 x 32  biggest grid: 48 x 32

[Level 0 step 32] ADVANCE with dt = 0.01078690327
... Computing hydro advance
[Level 0 step 32] Advanced 256 cells
[Level 1 step 63] ADVANCE with dt = 0.005393451637
... Computing hydro advance
[Level 1 step 63] Advanced 896 cells
[Level 2 step 125] ADVANCE with dt = 0.002696725819
... Computing hydro advance
[Level 2 step 125] Advanced 2560 cells
[Level 2 step 126] ADVANCE with dt = 0.002696725819
... Computing hydro advance
[Level 2 step 126] Advanced 2560 cells
PeleC::reflux() at level 1 : time = 1.221000275e-05
[Level 1 step 64] ADVANCE with dt = 0.005393451637
... Computing hydro advance
[Level 1 step 64] Advanced 896 cells
[Level 2 step 127] ADVANCE with dt = 0.002696725819
... Computing hydro advance
[Level 2 step 127] Advanced 2560 cells
[Level 2 step 128] ADVANCE with dt = 0.002696725819
... Computing hydro advance
[Level 2 step 128] Advanced 2560 cells
PeleC::reflux() at level 1 : time = 8.154995157e-06
PeleC::reflux() at level 0 : time = 3.866996849e-06

TIME= 0.1789850419 MASS        = 0.140625
TIME= 0.1789850419 XMOM        = 0.04027163443
TIME= 0.1789850419 YMOM        = 0
TIME= 0.1789850419 ZMOM        = 0
TIME= 0.1789850419 RHO*e       = 0.3276552753
TIME= 0.1789850419 RHO*K       = 0.01609472467
TIME= 0.1789850419 RHO*E       = 0.34375
TIME= 0.1789850419 ENSTROPHY   = 0
TIME= 0.1789850419 FUEL PROD   = 0
TIME= 0.1789850419 TEMP        = 2.716176146e-09

[STEP 32] Coarse TimeStep time: 0.01885936
[STEP 32] FAB kilobyte spread across MPI nodes: [1481 ... 1745]

STEP = 32 TIME = 0.1789850419 DT = 0.01078690327

...estimated hydro-limited timestep at level 0: 0.01281021631
PeleC::estTimeStep (hydro-limited) at level 0:  estdt = 0.01281021631
...estimated hydro-limited timestep at level 1: 0.006404090101
PeleC::estTimeStep (hydro-limited) at level 1:  estdt = 0.006404090101
...estimated hydro-limited timestep at level 2: 0.003201933311
PeleC::estTimeStep (hydro-limited) at level 2:  estdt = 0.003201933311
PeleC::compute_new_dt : limiting dt at level 0
 ... new dt computed: 0.01281021631
 ... but limiting to: 0.01132624844 = 1.05 * 0.01078690327
PeleC::compute_new_dt : limiting dt at level 1
 ... new dt computed: 0.006404090101
 ... but limiting to: 0.005663124219 = 1.05 * 0.005393451637
PeleC::compute_new_dt : limiting dt at level 2
 ... new dt computed: 0.003201933311
 ... but limiting to: 0.002831562109 = 1.05 * 0.002696725819
Now regridding at level lbase = 0
grid_places() time: 0.000587409 new finest: 2
STEP = 32 TIME = 0.1789850419 : REGRID  with lbase = 0
  Level 1   2 grids  1024 cells  100 % of domain
            smallest grid: 32 x 16  biggest grid: 32 x 16
  Level 2   2 grids  2816 cells  68.75 % of domain
            smallest grid: 40 x 32  biggest grid: 48 x 32

[Level 0 step 33] ADVANCE with dt = 0.01132624844
... Computing hydro advance
[Level 0 step 33] Advanced 256 cells
[Level 1 step 65] ADVANCE with dt = 0.005663124219
... Computing hydro advance
[Level 1 step 65] Advanced 1024 cells
[Level 2 step 129] ADVANCE with dt = 0.002831562109
... Computing hydro advance
[Level 2 step 129] Advanced 2816 cells
[Level 2 step 130] ADVANCE with dt = 0.002831562109
... Computing hydro advance
[Level 2 step 130] Advanced 2816 cells
PeleC::reflux() at level 1 : time = 7.804599591e-05
[Level 1 step 66] ADVANCE with dt = 0.005663124219
... Computing hydro advance
[Level 1 step 66] Advanced 1024 cells
[Level 2 step 131] ADVANCE with dt = 0.002831562109
... Computing hydro advance
[Level 2 step 131] Advanced 2816 cells
[Level 2 step 132] ADVANCE with dt = 0.002831562109
... Computing hydro advance
[Level 2 step 132] Advanced 2816 cells
PeleC::reflux() at level 1 : time = 9.075900016e-05
PeleC::reflux() at level 0 : time = 1.770000381e-06

TIME= 0.1903112904 MASS        = 0.140625
TIME= 0.1903112904 XMOM        = 0.04282004033
TIME= 0.1903112904 YMOM        = 0
TIME= 0.1903112904 ZMOM        = 0
TIME= 0.1903112904 RHO*e       = 0.3266287766
TIME= 0.1903112904 RHO*K       = 0.01712122337
TIME= 0.1903112904 RHO*E       = 0.34375
TIME= 0.1903112904 ENSTROPHY   = 0
TIME= 0.1903112904 FUEL PROD   = 0
TIME= 0.1903112904 TEMP        = 2.716916065e-09

[STEP 33] Coarse TimeStep time: 0.01964318
[STEP 33] FAB kilobyte spread across MPI nodes: [1745 ... 1745]

STEP = 33 TIME = 0.1903112904 DT = 0.01132624844

...estimated hydro-limited timestep at level 0: 0.01282389469
PeleC::estTimeStep (hydro-limited) at level 0:  estdt = 0.01282389469
...estimated hydro-limited timestep at level 1: 0.006404276994
PeleC::estTimeStep (hydro-limited) at level 1:  estdt = 0.006404276994
...estimated hydro-limited timestep at level 2: 0.003202106499
PeleC::estTimeStep (hydro-limited) at level 2:  estdt = 0.003202106499
PeleC::compute_new_dt : limiting dt at level 0
 ... new dt computed: 0.01282389469
 ... but limiting to: 0.01189256086 = 1.05 * 0.01132624844
PeleC::compute_new_dt : limiting dt at level 1
 ... new dt computed: 0.006404276994
 ... but limiting to: 0.00594628043 = 1.05 * 0.005663124219
PeleC::compute_new_dt : limiting dt at level 2
 ... new dt computed: 0.003202106499
 ... but limiting to: 0.002973140215 = 1.05 * 0.002831562109
Now regridding at level lbase = 1
grid_places() time: 0.000356575 new finest: 2
TIME = 0.1903112904 : REGRID  with lbase = 1
  Level 2   2 grids  3072 cells  75 % of domain
            smallest grid: 32 x 32  biggest grid: 64 x 32

[Level 0 step 34] ADVANCE with dt = 0.009688709631
... Computing hydro advance
[Level 0 step 34] Advanced 256 cells
[Level 1 step 67] ADVANCE with dt = 0.004844354816
... Computing hydro advance
[Level 1 step 67] Advanced 1024 cells
[Level 2 step 133] ADVANCE with dt = 0.002422177408
... Computing hydro advance
[Level 2 step 133] Advanced 3072 cells
[Level 2 step 134] ADVANCE with dt = 0.002422177408
... Computing hydro advance
[Level 2 step 134] Advanced 3072 cells
PeleC::reflux() at level 1 : time = 1.399200119e-05
[Level 1 step 68] ADVANCE with dt = 0.004844354816
... Computing hydro advance
[Level 1 step 68] Advanced 1024 cells
[Level 2 step 135] ADVANCE with dt = 0.002422177408
... Computing hydro advance
[Level 2 step 135] Advanced 3072 cells
[Level 2 step 136] ADVANCE with dt = 0.002422177408
... Computing hydro advance
[Level 2 step 136] Advanced 3072 cells
PeleC::reflux() at level 1 : time = 8.718998288e-06
PeleC::reflux() at level 0 : time = 1.549000444e-06

TIME= 0.2 MASS        = 0.140625
TIME= 0.2 XMOM        = 0.045
TIME= 0.2 YMOM        = 0
TIME= 0.2 ZMOM        = 0
TIME= 0.2 RHO*e       = 0.3257497085
TIME= 0.2 RHO*K       = 0.01800029155
TIME= 0.2 RHO*E       = 0.34375
TIME= 0.2 ENSTROPHY   = 0
TIME= 0.2 FUEL PROD   = 0
TIME= 0.2 TEMP        = 2.717345775e-09

[STEP 34] Coarse TimeStep time: 0.024239651
[STEP 34] FAB kilobyte spread across MPI nodes: [1745 ... 2142]

STEP = 34 TIME = 0.2 DT = 0.009688709631

PLOTFILE: file = Sod-2d_plt00034
Write plotfile time = 0.011479162  seconds


Ending run at 08:14:31 UTC on 2018-12-18.
Run time = 0.477719623
Run time w/o init = 0.458872217
AMReX (18.12-336-g900ce1f3ba6c) finalized
